#
# There is insufficient memory for the Java Runtime Environment to continue.
# Native memory allocation (malloc) failed to allocate 55536 bytes for Chunk::new
# Possible reasons:
#   The system is out of physical RAM or swap space
#   In 32 bit mode, the process size limit was hit
# Possible solutions:
#   Reduce memory load on the system
#   Increase physical memory or swap space
#   Check if swap backing store is full
#   Use 64 bit Java on a 64 bit OS
#   Decrease Java heap size (-Xmx/-Xms)
#   Decrease number of Java threads
#   Decrease Java thread stack sizes (-Xss)
#   Set larger code cache with -XX:ReservedCodeCacheSize=
# This output file may be truncated or incomplete.
#
#  Out of Memory Error (allocation.cpp:390), pid=29628, tid=0x0000000000004170
#
# JRE version: Java(TM) SE Runtime Environment (8.0_171-b11) (build 1.8.0_171-b11)
# Java VM: Java HotSpot(TM) 64-Bit Server VM (25.171-b11 mixed mode windows-amd64 compressed oops)
# Failed to write core dump. Minidumps are not enabled by default on client versions of Windows
#

---------------  T H R E A D  ---------------

Current thread (0x00000000170d7800):  JavaThread "C2 CompilerThread1" daemon [_thread_in_native, id=16752, stack(0x0000000018860000,0x0000000018960000)]

Stack: [0x0000000018860000,0x0000000018960000]
[error occurred during error reporting (printing stack bounds), id 0xc0000005]

Native frames: (J=compiled Java code, j=interpreted, Vv=VM code, C=native code)


Current CompileTask:
C2:    722  655       4       java.util.zip.ZipCoder::getBytes (192 bytes)


---------------  P R O C E S S  ---------------

Java Threads: ( => current thread )
  0x0000000018aa2800 JavaThread "Service Thread" daemon [_thread_blocked, id=16656, stack(0x0000000018e60000,0x0000000018f60000)]
  0x00000000170de800 JavaThread "C1 CompilerThread2" daemon [_thread_blocked, id=21260, stack(0x0000000018960000,0x0000000018a60000)]
=>0x00000000170d7800 JavaThread "C2 CompilerThread1" daemon [_thread_in_native, id=16752, stack(0x0000000018860000,0x0000000018960000)]
  0x00000000170d1800 JavaThread "C2 CompilerThread0" daemon [_thread_in_native, id=8940, stack(0x0000000018760000,0x0000000018860000)]
  0x00000000170d0000 JavaThread "Attach Listener" daemon [_thread_blocked, id=31780, stack(0x0000000018660000,0x0000000018760000)]
  0x00000000170cf000 JavaThread "Signal Dispatcher" daemon [_thread_blocked, id=40400, stack(0x0000000018560000,0x0000000018660000)]
  0x00000000025ac000 JavaThread "Finalizer" daemon [_thread_blocked, id=15864, stack(0x0000000018330000,0x0000000018430000)]
  0x00000000025a3000 JavaThread "Reference Handler" daemon [_thread_blocked, id=26044, stack(0x0000000018230000,0x0000000018330000)]
  0x00000000024b2800 JavaThread "main" [_thread_in_vm, id=12432, stack(0x0000000002360000,0x0000000002460000)]

Other Threads:
  0x0000000017097000 VMThread [stack: 0x0000000018130000,0x0000000018230000] [id=40924]
  0x0000000018aa3800 WatcherThread [stack: 0x0000000018f60000,0x0000000019060000] [id=29680]

VM state:not at safepoint (normal execution)

VM Mutex/Monitor currently owned by a thread: None

Heap:
 PSYoungGen      total 38400K, used 22642K [0x00000000d5f80000, 0x00000000d8a00000, 0x0000000100000000)
  eden space 33280K, 68% used [0x00000000d5f80000,0x00000000d759cb08,0x00000000d8000000)
  from space 5120K, 0% used [0x00000000d8500000,0x00000000d8500000,0x00000000d8a00000)
  to   space 5120K, 0% used [0x00000000d8000000,0x00000000d8000000,0x00000000d8500000)
 ParOldGen       total 87552K, used 0K [0x0000000081e00000, 0x0000000087380000, 0x00000000d5f80000)
  object space 87552K, 0% used [0x0000000081e00000,0x0000000081e00000,0x0000000087380000)
 Metaspace       used 8059K, capacity 8362K, committed 8704K, reserved 1056768K
  class space    used 1074K, capacity 1169K, committed 1280K, reserved 1048576K

Card table byte_map: [0x0000000011970000,0x0000000011d70000] byte_map_base: 0x0000000011561000

Marking Bits: (ParMarkBitMap*) 0x00000000695708c0
 Begin Bits: [0x0000000012420000, 0x00000000143a8000)
 End Bits:   [0x00000000143a8000, 0x0000000016330000)

Polling page: 0x0000000000b80000

CodeCache: size=245760Kb used=2550Kb max_used=2550Kb free=243209Kb
 bounds [0x00000000025b0000, 0x0000000002830000, 0x00000000115b0000]
 total_blobs=956 nmethods=655 adapters=214
 compilation: enabled

Compilation events (10 events):
Event: 0.708 Thread 0x00000000170de800  650       3       org.gradle.internal.service.DefaultServiceRegistry$ClassSpec::isSatisfiedBy (9 bytes)
Event: 0.708 Thread 0x00000000170de800 nmethod 650 0x0000000002829a50 code [0x0000000002829bc0, 0x0000000002829e68]
Event: 0.710 Thread 0x00000000170de800  651       3       java.util.LinkedList$ListItr::checkForComodification (23 bytes)
Event: 0.710 Thread 0x00000000170de800 nmethod 651 0x000000000282b190 code [0x000000000282b300, 0x000000000282b568]
Event: 0.715 Thread 0x00000000170de800  653       3       org.gradle.internal.service.DefaultServiceRegistry$ClassSpec::isSatisfiedBy (67 bytes)
Event: 0.715 Thread 0x00000000170de800 nmethod 653 0x000000000282d9d0 code [0x000000000282dba0, 0x000000000282e6b8]
Event: 0.715 Thread 0x00000000170de800  654       1       java.lang.Boolean::booleanValue (5 bytes)
Event: 0.715 Thread 0x00000000170de800 nmethod 654 0x000000000282a810 code [0x000000000282a960, 0x000000000282aa70]
Event: 0.717 Thread 0x00000000170d7800  655       4       java.util.zip.ZipCoder::getBytes (192 bytes)
Event: 0.719 Thread 0x00000000170d1800  657       4       sun.misc.MetaIndex::mayContain (51 bytes)

GC Heap History (0 events):
No events

Deoptimization events (2 events):
Event: 0.304 Thread 0x00000000024b2800 Uncommon trap: reason=unstable_if action=reinterpret pc=0x0000000002727538 method=java.lang.String.startsWith(Ljava/lang/String;I)Z @ 25
Event: 0.555 Thread 0x00000000024b2800 Uncommon trap: reason=unstable_if action=reinterpret pc=0x00000000027885a4 method=sun.misc.MetaIndex.mayContain(Ljava/lang/String;)Z @ 38

Classes redefined (0 events):
No events

Internal exceptions (10 events):
Event: 0.473 Thread 0x00000000024b2800 Exception <a 'java/lang/ArrayIndexOutOfBoundsException'> (0x00000000d6af63e8) thrown at [C:\re\workspace\8-2-build-windows-amd64-cygwin\jdk8u171\10807\hotspot\src\share\vm\runtime\sharedRuntime.cpp, line 605]
Event: 0.506 Thread 0x00000000024b2800 Exception <a 'java/security/PrivilegedActionException'> (0x00000000d6c138e8) thrown at [C:\re\workspace\8-2-build-windows-amd64-cygwin\jdk8u171\10807\hotspot\src\share\vm\prims\jvm.cpp, line 1435]
Event: 0.506 Thread 0x00000000024b2800 Exception <a 'java/security/PrivilegedActionException'> (0x00000000d6c13ce0) thrown at [C:\re\workspace\8-2-build-windows-amd64-cygwin\jdk8u171\10807\hotspot\src\share\vm\prims\jvm.cpp, line 1435]
Event: 0.625 Thread 0x00000000024b2800 Exception <a 'java/lang/NoSuchFieldError': method resolution failed> (0x00000000d70bcfd8) thrown at [C:\re\workspace\8-2-build-windows-amd64-cygwin\jdk8u171\10807\hotspot\src\share\vm\prims\methodHandles.cpp, line 1167]
Event: 0.627 Thread 0x00000000024b2800 Exception <a 'java/lang/NoSuchFieldError': method resolution failed> (0x00000000d70ca6c8) thrown at [C:\re\workspace\8-2-build-windows-amd64-cygwin\jdk8u171\10807\hotspot\src\share\vm\prims\methodHandles.cpp, line 1167]
Event: 0.688 Thread 0x00000000024b2800 Exception <a 'java/lang/ArrayIndexOutOfBoundsException'> (0x00000000d7341738) thrown at [C:\re\workspace\8-2-build-windows-amd64-cygwin\jdk8u171\10807\hotspot\src\share\vm\runtime\sharedRuntime.cpp, line 605]
Event: 0.688 Thread 0x00000000024b2800 Exception <a 'java/lang/ArrayIndexOutOfBoundsException'> (0x00000000d7343508) thrown at [C:\re\workspace\8-2-build-windows-amd64-cygwin\jdk8u171\10807\hotspot\src\share\vm\runtime\sharedRuntime.cpp, line 605]
Event: 0.693 Thread 0x00000000024b2800 Exception <a 'java/lang/ArrayIndexOutOfBoundsException'> (0x00000000d73a3de8) thrown at [C:\re\workspace\8-2-build-windows-amd64-cygwin\jdk8u171\10807\hotspot\src\share\vm\runtime\sharedRuntime.cpp, line 605]
Event: 0.693 Thread 0x00000000024b2800 Exception <a 'java/lang/ArrayIndexOutOfBoundsException'> (0x00000000d73a4c30) thrown at [C:\re\workspace\8-2-build-windows-amd64-cygwin\jdk8u171\10807\hotspot\src\share\vm\runtime\sharedRuntime.cpp, line 605]
Event: 0.706 Thread 0x00000000024b2800 Exception <a 'java/lang/NoClassDefFoundError': org/slf4j/impl/StaticMarkerBinder> (0x00000000d74615c8) thrown at [C:\re\workspace\8-2-build-windows-amd64-cygwin\jdk8u171\10807\hotspot\src\share\vm\classfile\systemDictionary.cpp, line 199]

Events (10 events):
Event: 0.718 loading class org/gradle/internal/serialize/Encoder
Event: 0.718 loading class org/gradle/internal/serialize/Encoder done
Event: 0.718 loading class org/gradle/cache/internal/OnDemandFileAccess
Event: 0.718 loading class org/gradle/cache/internal/OnDemandFileAccess done
Event: 0.719 loading class org/gradle/cache/internal/AbstractFileAccess
Event: 0.719 loading class org/gradle/cache/internal/AbstractFileAccess done
Event: 0.719 loading class org/gradle/cache/internal/filelock/LockOptions
Event: 0.719 loading class org/gradle/cache/internal/filelock/LockOptions done
Event: 0.719 loading class org/gradle/launcher/daemon/registry/DaemonRegistryContent
Event: 0.719 loading class org/gradle/launcher/daemon/registry/DaemonRegistryContent done


Dynamic libraries:
0x00007ff638a00000 - 0x00007ff638a37000 	C:\Program Files\java\jdk1.8.0_171\bin\java.exe
0x00007ff92f450000 - 0x00007ff92f631000 	C:\WINDOWS\SYSTEM32\ntdll.dll
0x00007ff922390000 - 0x00007ff9223a2000 	C:\Program Files\AVAST Software\Avast\aswhook.dll
0x00007ff92ef00000 - 0x00007ff92efb1000 	C:\WINDOWS\System32\KERNEL32.DLL
0x00007ff92b930000 - 0x00007ff92bba3000 	C:\WINDOWS\System32\KERNELBASE.dll
0x00007ff92efc0000 - 0x00007ff92f061000 	C:\WINDOWS\System32\ADVAPI32.dll
0x00007ff92c8e0000 - 0x00007ff92c97e000 	C:\WINDOWS\System32\msvcrt.dll
0x00007ff92ed30000 - 0x00007ff92ed8b000 	C:\WINDOWS\System32\sechost.dll
0x00007ff92e210000 - 0x00007ff92e334000 	C:\WINDOWS\System32\RPCRT4.dll
0x00007ff92c980000 - 0x00007ff92cb10000 	C:\WINDOWS\System32\USER32.dll
0x00007ff92b910000 - 0x00007ff92b930000 	C:\WINDOWS\System32\win32u.dll
0x00007ff92e400000 - 0x00007ff92e428000 	C:\WINDOWS\System32\GDI32.dll
0x00007ff92bc60000 - 0x00007ff92bdf2000 	C:\WINDOWS\System32\gdi32full.dll
0x00007ff92b870000 - 0x00007ff92b90f000 	C:\WINDOWS\System32\msvcp_win.dll
0x00007ff92bee0000 - 0x00007ff92bfd8000 	C:\WINDOWS\System32\ucrtbase.dll
0x00007ff912000000 - 0x00007ff912269000 	C:\WINDOWS\WinSxS\amd64_microsoft.windows.common-controls_6595b64144ccf1df_6.0.17134.706_none_fb43a2cb30647007\COMCTL32.dll
0x00007ff92ea00000 - 0x00007ff92ed22000 	C:\WINDOWS\System32\combase.dll
0x00007ff92be00000 - 0x00007ff92be7a000 	C:\WINDOWS\System32\bcryptPrimitives.dll
0x00007ff92f210000 - 0x00007ff92f23d000 	C:\WINDOWS\System32\IMM32.DLL
0x00000000695f0000 - 0x00000000696c2000 	C:\Program Files\java\jdk1.8.0_171\jre\bin\msvcr100.dll
0x0000000068d50000 - 0x00000000695f0000 	C:\Program Files\java\jdk1.8.0_171\jre\bin\server\jvm.dll
0x00007ff92f2e0000 - 0x00007ff92f2e8000 	C:\WINDOWS\System32\PSAPI.DLL
0x00007ff91a250000 - 0x00007ff91a259000 	C:\WINDOWS\SYSTEM32\WSOCK32.dll
0x00007ff92e1a0000 - 0x00007ff92e20c000 	C:\WINDOWS\System32\WS2_32.dll
0x00007ff922ae0000 - 0x00007ff922b03000 	C:\WINDOWS\SYSTEM32\WINMM.dll
0x00007ff922b10000 - 0x00007ff922b1a000 	C:\WINDOWS\SYSTEM32\VERSION.dll
0x00007ff920e90000 - 0x00007ff920eba000 	C:\WINDOWS\SYSTEM32\WINMMBASE.dll
0x00007ff92b820000 - 0x00007ff92b869000 	C:\WINDOWS\System32\cfgmgr32.dll
0x0000000068d40000 - 0x0000000068d4f000 	C:\Program Files\java\jdk1.8.0_171\jre\bin\verify.dll
0x0000000068d10000 - 0x0000000068d39000 	C:\Program Files\java\jdk1.8.0_171\jre\bin\java.dll
0x0000000068cf0000 - 0x0000000068d06000 	C:\Program Files\java\jdk1.8.0_171\jre\bin\zip.dll
0x00007ff92ccb0000 - 0x00007ff92e0f0000 	C:\WINDOWS\System32\SHELL32.dll
0x00007ff92e0f0000 - 0x00007ff92e199000 	C:\WINDOWS\System32\shcore.dll
0x00007ff92bfe0000 - 0x00007ff92c6ed000 	C:\WINDOWS\System32\windows.storage.dll
0x00007ff92e3a0000 - 0x00007ff92e3f1000 	C:\WINDOWS\System32\shlwapi.dll
0x00007ff92b800000 - 0x00007ff92b811000 	C:\WINDOWS\System32\kernel.appcore.dll
0x00007ff92b7e0000 - 0x00007ff92b7ff000 	C:\WINDOWS\System32\profapi.dll
0x00007ff92b770000 - 0x00007ff92b7bc000 	C:\WINDOWS\System32\powrprof.dll
0x00007ff92b760000 - 0x00007ff92b76a000 	C:\WINDOWS\System32\FLTLIB.DLL
0x0000000068cd0000 - 0x0000000068cea000 	C:\Program Files\Java\jdk1.8.0_171\jre\bin\net.dll
0x00007ff92af80000 - 0x00007ff92afe6000 	C:\WINDOWS\system32\mswsock.dll
0x0000000068cb0000 - 0x0000000068cc1000 	C:\Program Files\Java\jdk1.8.0_171\jre\bin\nio.dll
0x00007ff913a70000 - 0x00007ff913a8e000 	C:\Users\isfm0\.gradle\native\25\windows-amd64\native-platform.dll
0x0000000068ca0000 - 0x0000000068cad000 	C:\Program Files\Java\jdk1.8.0_171\jre\bin\management.dll

VM Arguments:
jvm_args: -Dorg.gradle.appname=gradlew 
java_command: org.gradle.wrapper.GradleWrapperMain cdvBuildDebug -b C:\Users\isfm0\OneDrive\Bureau\AppliLOM\LOMApp\LomTaxi_version_DEMO\platforms\android\build.gradle -Dorg.gradle.daemon=true -Dorg.gradle.jvmargs=-Xmx2048m -Pandroid.useDeprecatedNdk=true
java_class_path (initial): C:\Users\isfm0\OneDrive\Bureau\AppliLOM\LOMApp\LomTaxi_version_DEMO\platforms\android\\gradle\wrapper\gradle-wrapper.jar
Launcher Type: SUN_STANDARD

Environment Variables:
JAVA_HOME=C:\Program Files\java\jdk1.8.0_171
CLASSPATH=C:\Users\isfm0\OneDrive\Bureau\AppliLOM\LOMApp\LomTaxi_version_DEMO\platforms\android\\gradle\wrapper\gradle-wrapper.jar
PATH=C:\Program Files (x86)\Common Files\Intel\Shared Libraries\redist\intel64\compiler;C:\Program Files (x86)\Common Files\Oracle\Java\javapath;C:\ProgramData\Oracle\Java\javapath;C:\Program Files (x86)\Intel\iCLS Client\;C:\Program Files\Intel\iCLS Client\;C:\WINDOWS\system32;C:\WINDOWS;C:\WINDOWS\System32\Wbem;C:\WINDOWS\System32\WindowsPowerShell\v1.0\;C:\Program Files (x86)\Intel\Intel(R) Management Engine Components\DAL;C:\Program Files\Intel\Intel(R) Management Engine Components\DAL;C:\Program Files (x86)\Intel\Intel(R) Management Engine Components\IPT;C:\Program Files\Intel\Intel(R) Management Engine Components\IPT;C:\Program Files\Intel\WiFi\bin\;C:\Program Files\Common Files\Intel\WirelessCommon\;C:\Program Files (x86)\Windows Kits\8.1\Windows Performance Toolkit\;C:\Program Files\nodejs\;C:\Program Files\Microsoft SQL Server\130\Tools\Binn\;C:\Program Files (x86)\Microsoft SDKs\TypeScript\1.0\;C:\Program Files (x86)\Windows Kits\10\Windows Performance Toolkit\;C:\Program Files\dotnet\;C:\WINDOWS\system32\config\systemprofile\.dnx\bin;C:\Program Files\Microsoft DNX\Dnvm\;C:\Program Files\Git\cmd;C:\WINDOWS\System32\OpenSSH\;C:\Program Files\PuTTY\;C:\Program Files\Microsoft VS Code\bin;C:\Users\isfm0\AppData\Local\Microsoft\WindowsApps;C:\Program Files\Microsoft VS Code\bin;C:\Users\isfm0\AppData\Roaming\npm;;C:\Program Files\java\jdk1.8.0_171\bin;C:\Users\isfm0\AppData\Local\Android\sdk\tools;C:\Users\isfm0\AppData\Local\Android\sdk\platform-tools;C:\Users\isfm0\AppData\Local\Android\sdk\tools\bin
USERNAME=isfm0
OS=Windows_NT
PROCESSOR_IDENTIFIER=Intel64 Family 6 Model 142 Stepping 9, GenuineIntel



---------------  S Y S T E M  ---------------

OS: Windows 10.0 , 64 bit Build 17134 (10.0.17134.706)

CPU:total 4 (initial active 4) (2 cores per cpu, 2 threads per core) family 6 model 142 stepping 9, cmov, cx8, fxsr, mmx, sse, sse2, sse3, ssse3, sse4.1, sse4.2, popcnt, avx, avx2, aes, clmul, erms, 3dnowpref, lzcnt, ht, tsc, tscinvbit, bmi1, bmi2, adx

Memory: 4k page, physical 8262884k(447552k free), swap 33428708k(4124k free)

vm_info: Java HotSpot(TM) 64-Bit Server VM (25.171-b11) for windows-amd64 JRE (1.8.0_171-b11), built on Mar 28 2018 16:06:12 by "java_re" with MS VC++ 10.0 (VS2010)

time: Mon May 06 11:31:29 2019
elapsed time: 0 seconds (0d 0h 0m 0s)

