#
# There is insufficient memory for the Java Runtime Environment to continue.
# Native memory allocation (malloc) failed to allocate 1407056 bytes for Chunk::new
# Possible reasons:
#   The system is out of physical RAM or swap space
#   In 32 bit mode, the process size limit was hit
# Possible solutions:
#   Reduce memory load on the system
#   Increase physical memory or swap space
#   Check if swap backing store is full
#   Use 64 bit Java on a 64 bit OS
#   Decrease Java heap size (-Xmx/-Xms)
#   Decrease number of Java threads
#   Decrease Java thread stack sizes (-Xss)
#   Set larger code cache with -XX:ReservedCodeCacheSize=
# This output file may be truncated or incomplete.
#
#  Out of Memory Error (allocation.cpp:390), pid=41032, tid=0x00000000000077c8
#
# JRE version: Java(TM) SE Runtime Environment (8.0_171-b11) (build 1.8.0_171-b11)
# Java VM: Java HotSpot(TM) 64-Bit Server VM (25.171-b11 mixed mode windows-amd64 compressed oops)
# Failed to write core dump. Minidumps are not enabled by default on client versions of Windows
#

---------------  T H R E A D  ---------------

Current thread (0x0000000017792000):  JavaThread "C2 CompilerThread0" daemon [_thread_in_native, id=30664, stack(0x0000000018e10000,0x0000000018f10000)]

Stack: [0x0000000018e10000,0x0000000018f10000]
[error occurred during error reporting (printing stack bounds), id 0xc0000005]

Native frames: (J=compiled Java code, j=interpreted, Vv=VM code, C=native code)


Current CompileTask:
C2: 186228 13657       4       com.sun.tools.javac.code.Symbol$MethodSymbol::implementation (57 bytes)


---------------  P R O C E S S  ---------------

Java Threads: ( => current thread )
  0x000000001c2c4000 JavaThread "ForkJoinPool.commonPool-worker-0" daemon [_thread_blocked, id=32140, stack(0x0000000029d70000,0x0000000029e70000)]
  0x00000000209bf800 JavaThread "ForkJoinPool.commonPool-worker-3" daemon [_thread_blocked, id=17084, stack(0x0000000029c70000,0x0000000029d70000)]
  0x000000001a8de000 JavaThread "Cache worker for Java compile cache (C:\Users\isfm0\OneDrive\Bureau\AppliLOM\LOMApp\LomTaxi_version_DEMO\platforms\android\.gradle\4.1\javaCompile)" [_thread_blocked, id=24772, stack(0x0000000029a70000,0x0000000029b70000)]
  0x000000001a8dc800 JavaThread "Worker Daemon Execution Thread 16" [_thread_blocked, id=10232, stack(0x0000000029970000,0x0000000029a70000)]
  0x000000001a8dc000 JavaThread "Worker Daemon Execution Thread 15" [_thread_blocked, id=19012, stack(0x0000000029870000,0x0000000029970000)]
  0x000000001a8db000 JavaThread "Worker Daemon Execution Thread 14" [_thread_blocked, id=18760, stack(0x0000000029770000,0x0000000029870000)]
  0x000000001a8d3800 JavaThread "Worker Daemon Execution Thread 13" [_thread_blocked, id=26344, stack(0x0000000029670000,0x0000000029770000)]
  0x000000001a8da800 JavaThread "Worker Daemon Execution Thread 12" [_thread_blocked, id=6944, stack(0x0000000029570000,0x0000000029670000)]
  0x000000001a8d9800 JavaThread "Worker Daemon Execution Thread 11" [_thread_blocked, id=39044, stack(0x0000000029470000,0x0000000029570000)]
  0x000000001a8d8000 JavaThread "Worker Daemon Execution Thread 10" [_thread_blocked, id=38840, stack(0x0000000029370000,0x0000000029470000)]
  0x000000001a8d7800 JavaThread "Worker Daemon Execution Thread 9" [_thread_blocked, id=34212, stack(0x0000000029270000,0x0000000029370000)]
  0x000000001a8d6000 JavaThread "Worker Daemon Execution Thread 8" [_thread_blocked, id=29168, stack(0x0000000029170000,0x0000000029270000)]
  0x000000001a8d9000 JavaThread "Worker Daemon Execution Thread 7" [_thread_blocked, id=35356, stack(0x0000000029070000,0x0000000029170000)]
  0x000000001a8d5000 JavaThread "Worker Daemon Execution Thread 6" [_thread_blocked, id=40684, stack(0x0000000028f70000,0x0000000029070000)]
  0x000000001a8d0800 JavaThread "Worker Daemon Execution Thread 5" [_thread_blocked, id=39244, stack(0x0000000028e70000,0x0000000028f70000)]
  0x000000001a8d3000 JavaThread "Worker Daemon Execution Thread 4" [_thread_blocked, id=20948, stack(0x0000000028d70000,0x0000000028e70000)]
  0x000000001a8d4800 JavaThread "Worker Daemon Execution Thread 3" [_thread_blocked, id=26648, stack(0x0000000028c70000,0x0000000028d70000)]
  0x000000001a8d2000 JavaThread "Worker Daemon Execution Thread 2" [_thread_blocked, id=21052, stack(0x0000000028b70000,0x0000000028c70000)]
  0x00000000209bd800 JavaThread "Worker Daemon Execution" [_thread_blocked, id=12036, stack(0x0000000027c70000,0x0000000027d70000)]
  0x00000000209bf000 JavaThread "Task worker for ':' Thread 3" [_thread_in_vm, id=23228, stack(0x0000000027b70000,0x0000000027c70000)]
  0x00000000209bc000 JavaThread "Task worker for ':' Thread 2" [_thread_blocked, id=11324, stack(0x0000000027a70000,0x0000000027b70000)]
  0x00000000209b3800 JavaThread "Task worker for ':'" [_thread_blocked, id=39208, stack(0x0000000027970000,0x0000000027a70000)]
  0x00000000209b9000 JavaThread "Cache worker for task history cache (C:\Users\isfm0\OneDrive\Bureau\AppliLOM\LOMApp\LomTaxi_version_DEMO\platforms\android\.gradle\4.1\taskHistory)" [_thread_blocked, id=10840, stack(0x0000000027870000,0x0000000027970000)]
  0x00000000209b8000 JavaThread "Cache worker for file content cache (C:\Users\isfm0\OneDrive\Bureau\AppliLOM\LOMApp\LomTaxi_version_DEMO\platforms\android\.gradle\4.1\fileContent)" [_thread_blocked, id=20312, stack(0x0000000027770000,0x0000000027870000)]
  0x00000000209b4800 JavaThread "build operations Thread 4" [_thread_blocked, id=39720, stack(0x0000000027670000,0x0000000027770000)]
  0x00000000209b0800 JavaThread "build operations Thread 3" [_thread_blocked, id=11180, stack(0x0000000027570000,0x0000000027670000)]
  0x00000000209b6000 JavaThread "build operations Thread 2" [_thread_blocked, id=16936, stack(0x0000000027470000,0x0000000027570000)]
  0x00000000209b7800 JavaThread "build operations" [_thread_blocked, id=31848, stack(0x0000000027370000,0x0000000027470000)]
  0x000000001a398800 JavaThread "Cache worker for Artifact transforms cache (C:\Users\isfm0\.gradle\caches\transforms-1)" [_thread_blocked, id=25592, stack(0x0000000027270000,0x0000000027370000)]
  0x000000001a394000 JavaThread "Cache worker for file hash cache (C:\Users\isfm0\OneDrive\Bureau\AppliLOM\LOMApp\LomTaxi_version_DEMO\platforms\android\.gradle\4.1\fileHashes)" [_thread_blocked, id=39808, stack(0x0000000027170000,0x0000000027270000)]
  0x000000001a397000 JavaThread "Stdin handler" [_thread_blocked, id=33220, stack(0x0000000027070000,0x0000000027170000)]
  0x000000001a393000 JavaThread "Asynchronous log dispatcher for DefaultDaemonConnection: socket connection from /127.0.0.1:58396 to /127.0.0.1:58983" [_thread_blocked, id=15256, stack(0x0000000026f70000,0x0000000027070000)]
  0x000000001a39a000 JavaThread "Daemon worker Thread 2" [_thread_blocked, id=28724, stack(0x0000000026e70000,0x0000000026f70000)]
  0x000000001a396000 JavaThread "Cancel handler" [_thread_blocked, id=11780, stack(0x0000000026d70000,0x0000000026e70000)]
  0x000000001a395800 JavaThread "Handler for socket connection from /127.0.0.1:58396 to /127.0.0.1:58983" [_thread_in_native, id=41004, stack(0x0000000026c70000,0x0000000026d70000)]
  0x000000001a394800 JavaThread "Daemon Thread 2" [_thread_blocked, id=40756, stack(0x0000000026b70000,0x0000000026c70000)]
  0x00000000209b1800 JavaThread "Memory manager" [_thread_blocked, id=41132, stack(0x00000000232c0000,0x00000000233c0000)]
  0x00000000209b3000 JavaThread "pool-1-thread-1" [_thread_blocked, id=6576, stack(0x00000000231c0000,0x00000000232c0000)]
  0x000000001a397800 JavaThread "File lock request listener" [_thread_in_native, id=35800, stack(0x000000001d360000,0x000000001d460000)]
  0x000000001a399800 JavaThread "Cache worker for file hash cache (C:\Users\isfm0\.gradle\caches\4.1\fileHashes)" [_thread_blocked, id=12980, stack(0x000000001d060000,0x000000001d160000)]
  0x000000001a81f800 JavaThread "Daemon periodic checks" [_thread_blocked, id=26068, stack(0x000000001b790000,0x000000001b890000)]
  0x000000001a5c2800 JavaThread "Incoming local TCP Connector on port 58396" [_thread_in_native, id=36440, stack(0x000000001b520000,0x000000001b620000)]
  0x000000001aa1c000 JavaThread "Daemon health stats" [_thread_blocked, id=10644, stack(0x000000001aee0000,0x000000001afe0000)]
  0x000000001912a800 JavaThread "Service Thread" daemon [_thread_blocked, id=41928, stack(0x0000000019510000,0x0000000019610000)]
  0x0000000017797800 JavaThread "C1 CompilerThread2" daemon [_thread_in_vm, id=11100, stack(0x0000000019010000,0x0000000019110000)]
  0x0000000017795000 JavaThread "C2 CompilerThread1" daemon [_thread_in_native, id=1164, stack(0x0000000018f10000,0x0000000019010000)]
=>0x0000000017792000 JavaThread "C2 CompilerThread0" daemon [_thread_in_native, id=30664, stack(0x0000000018e10000,0x0000000018f10000)]
  0x000000001778f800 JavaThread "Attach Listener" daemon [_thread_blocked, id=4436, stack(0x0000000018d10000,0x0000000018e10000)]
  0x000000001778e000 JavaThread "Signal Dispatcher" daemon [_thread_blocked, id=21444, stack(0x0000000018c10000,0x0000000018d10000)]
  0x000000001777a800 JavaThread "Finalizer" daemon [_thread_blocked, id=39028, stack(0x00000000189f0000,0x0000000018af0000)]
  0x0000000002a63000 JavaThread "Reference Handler" daemon [_thread_blocked, id=11188, stack(0x00000000188f0000,0x00000000189f0000)]
  0x0000000002972800 JavaThread "main" [_thread_blocked, id=24024, stack(0x0000000002840000,0x0000000002940000)]

Other Threads:
  0x0000000017758000 VMThread [stack: 0x00000000187f0000,0x00000000188f0000] [id=17752]
  0x0000000019147800 WatcherThread [stack: 0x0000000019610000,0x0000000019710000] [id=37696]

VM state:not at safepoint (normal execution)

VM Mutex/Monitor currently owned by a thread: None

Heap:
 PSYoungGen      total 233472K, used 34550K [0x00000000d5580000, 0x00000000e8680000, 0x0000000100000000)
  eden space 209408K, 5% used [0x00000000d5580000,0x00000000d5fbdb78,0x00000000e2200000)
  from space 24064K, 99% used [0x00000000e2200000,0x00000000e397fdf8,0x00000000e3980000)
  to   space 32256K, 0% used [0x00000000e6700000,0x00000000e6700000,0x00000000e8680000)
 ParOldGen       total 104960K, used 61096K [0x0000000080000000, 0x0000000086680000, 0x00000000d5580000)
  object space 104960K, 58% used [0x0000000080000000,0x0000000083baa2e8,0x0000000086680000)
 Metaspace       used 71205K, capacity 75314K, committed 75416K, reserved 1114112K
  class space    used 9391K, capacity 10365K, committed 10416K, reserved 1048576K

Card table byte_map: [0x0000000011f30000,0x0000000012340000] byte_map_base: 0x0000000011b30000

Marking Bits: (ParMarkBitMap*) 0x00000000695708c0
 Begin Bits: [0x00000000129f0000, 0x00000000149f0000)
 End Bits:   [0x00000000149f0000, 0x00000000169f0000)

Polling page: 0x0000000000fd0000

CodeCache: size=245760Kb used=40583Kb max_used=40583Kb free=205176Kb
 bounds [0x0000000002b70000, 0x0000000005350000, 0x0000000011b70000]
 total_blobs=12348 nmethods=11534 adapters=725
 compilation: enabled

Compilation events (10 events):
Event: 186.182 Thread 0x0000000017797800 13726       2       com.sun.tools.javac.code.Types$11::visitClassType (10 bytes)
Event: 186.182 Thread 0x0000000017797800 nmethod 13726 0x000000000532c210 code [0x000000000532c380, 0x000000000532c528]
Event: 186.184 Thread 0x0000000017797800 13728       2       com.sun.tools.javac.code.Type$DelegatedType::<init> (19 bytes)
Event: 186.185 Thread 0x0000000017797800 nmethod 13728 0x000000000532f250 code [0x000000000532f3a0, 0x000000000532f530]
Event: 186.185 Thread 0x0000000017797800 13729   !   2       com.sun.tools.javac.comp.DeferredAttr::attribSpeculative (168 bytes)
Event: 186.187 Thread 0x0000000017797800 nmethod 13729 0x000000000533ee90 code [0x000000000533f0e0, 0x000000000533fb28]
Event: 186.192 Thread 0x0000000017797800 13730       2       com.sun.tools.javac.comp.Check::checkCastable (12 bytes)
Event: 186.192 Thread 0x0000000017797800 nmethod 13730 0x0000000005308990 code [0x0000000005308b00, 0x0000000005308c68]
Event: 186.193 Thread 0x0000000017797800 13731       2       com.sun.tools.javac.comp.Check::castWarner (15 bytes)
Event: 186.193 Thread 0x0000000017797800 nmethod 13731 0x00000000053084d0 code [0x0000000005308640, 0x0000000005308888]

GC Heap History (10 events):
Event: 21.500 GC heap before
{Heap before GC invocations=14 (full 3):
 PSYoungGen      total 175104K, used 22511K [0x00000000d5580000, 0x00000000e4180000, 0x0000000100000000)
  eden space 152576K, 0% used [0x00000000d5580000,0x00000000d5580000,0x00000000dea80000)
  from space 22528K, 99% used [0x00000000dea80000,0x00000000e007bf10,0x00000000e0080000)
  to   space 27136K, 0% used [0x00000000e2700000,0x00000000e2700000,0x00000000e4180000)
 ParOldGen       total 104960K, used 37030K [0x0000000080000000, 0x0000000086680000, 0x00000000d5580000)
  object space 104960K, 35% used [0x0000000080000000,0x0000000082429b38,0x0000000086680000)
 Metaspace       used 56595K, capacity 59112K, committed 59160K, reserved 1099776K
  class space    used 7844K, capacity 8448K, committed 8496K, reserved 1048576K
Event: 21.837 GC heap after
Heap after GC invocations=14 (full 3):
 PSYoungGen      total 175104K, used 0K [0x00000000d5580000, 0x00000000e4180000, 0x0000000100000000)
  eden space 152576K, 0% used [0x00000000d5580000,0x00000000d5580000,0x00000000dea80000)
  from space 22528K, 0% used [0x00000000dea80000,0x00000000dea80000,0x00000000e0080000)
  to   space 27136K, 0% used [0x00000000e2700000,0x00000000e2700000,0x00000000e4180000)
 ParOldGen       total 104960K, used 47089K [0x0000000080000000, 0x0000000086680000, 0x00000000d5580000)
  object space 104960K, 44% used [0x0000000080000000,0x0000000082dfc5e8,0x0000000086680000)
 Metaspace       used 56595K, capacity 59112K, committed 59160K, reserved 1099776K
  class space    used 7844K, capacity 8448K, committed 8496K, reserved 1048576K
}
Event: 168.310 GC heap before
{Heap before GC invocations=15 (full 3):
 PSYoungGen      total 175104K, used 152576K [0x00000000d5580000, 0x00000000e4180000, 0x0000000100000000)
  eden space 152576K, 100% used [0x00000000d5580000,0x00000000dea80000,0x00000000dea80000)
  from space 22528K, 0% used [0x00000000dea80000,0x00000000dea80000,0x00000000e0080000)
  to   space 27136K, 0% used [0x00000000e2700000,0x00000000e2700000,0x00000000e4180000)
 ParOldGen       total 104960K, used 47089K [0x0000000080000000, 0x0000000086680000, 0x00000000d5580000)
  object space 104960K, 44% used [0x0000000080000000,0x0000000082dfc5e8,0x0000000086680000)
 Metaspace       used 62278K, capacity 66126K, committed 66200K, reserved 1105920K
  class space    used 8469K, capacity 9383K, committed 9392K, reserved 1048576K
Event: 168.342 GC heap after
Heap after GC invocations=15 (full 3):
 PSYoungGen      total 193024K, used 13933K [0x00000000d5580000, 0x00000000e3600000, 0x0000000100000000)
  eden space 177664K, 0% used [0x00000000d5580000,0x00000000d5580000,0x00000000e0300000)
  from space 15360K, 90% used [0x00000000e2700000,0x00000000e349b488,0x00000000e3600000)
  to   space 26112K, 0% used [0x00000000e0300000,0x00000000e0300000,0x00000000e1c80000)
 ParOldGen       total 104960K, used 47097K [0x0000000080000000, 0x0000000086680000, 0x00000000d5580000)
  object space 104960K, 44% used [0x0000000080000000,0x0000000082dfe5e8,0x0000000086680000)
 Metaspace       used 62278K, capacity 66126K, committed 66200K, reserved 1105920K
  class space    used 8469K, capacity 9383K, committed 9392K, reserved 1048576K
}
Event: 174.125 GC heap before
{Heap before GC invocations=16 (full 3):
 PSYoungGen      total 193024K, used 191597K [0x00000000d5580000, 0x00000000e3600000, 0x0000000100000000)
  eden space 177664K, 100% used [0x00000000d5580000,0x00000000e0300000,0x00000000e0300000)
  from space 15360K, 90% used [0x00000000e2700000,0x00000000e349b488,0x00000000e3600000)
  to   space 26112K, 0% used [0x00000000e0300000,0x00000000e0300000,0x00000000e1c80000)
 ParOldGen       total 104960K, used 47097K [0x0000000080000000, 0x0000000086680000, 0x00000000d5580000)
  object space 104960K, 44% used [0x0000000080000000,0x0000000082dfe5e8,0x0000000086680000)
 Metaspace       used 64012K, capacity 67992K, committed 68248K, reserved 1107968K
  class space    used 8611K, capacity 9574K, committed 9648K, reserved 1048576K
Event: 174.184 GC heap after
Heap after GC invocations=16 (full 3):
 PSYoungGen      total 203776K, used 13489K [0x00000000d5580000, 0x00000000e5200000, 0x0000000100000000)
  eden space 177664K, 0% used [0x00000000d5580000,0x00000000d5580000,0x00000000e0300000)
  from space 26112K, 51% used [0x00000000e0300000,0x00000000e102c6f0,0x00000000e1c80000)
  to   space 25088K, 0% used [0x00000000e3980000,0x00000000e3980000,0x00000000e5200000)
 ParOldGen       total 104960K, used 47097K [0x0000000080000000, 0x0000000086680000, 0x00000000d5580000)
  object space 104960K, 44% used [0x0000000080000000,0x0000000082dfe5e8,0x0000000086680000)
 Metaspace       used 64012K, capacity 67992K, committed 68248K, reserved 1107968K
  class space    used 8611K, capacity 9574K, committed 9648K, reserved 1048576K
}
Event: 175.202 GC heap before
{Heap before GC invocations=17 (full 3):
 PSYoungGen      total 203776K, used 191153K [0x00000000d5580000, 0x00000000e5200000, 0x0000000100000000)
  eden space 177664K, 100% used [0x00000000d5580000,0x00000000e0300000,0x00000000e0300000)
  from space 26112K, 51% used [0x00000000e0300000,0x00000000e102c6f0,0x00000000e1c80000)
  to   space 25088K, 0% used [0x00000000e3980000,0x00000000e3980000,0x00000000e5200000)
 ParOldGen       total 104960K, used 47097K [0x0000000080000000, 0x0000000086680000, 0x00000000d5580000)
  object space 104960K, 44% used [0x0000000080000000,0x0000000082dfe5e8,0x0000000086680000)
 Metaspace       used 64081K, capacity 68056K, committed 68248K, reserved 1107968K
  class space    used 8611K, capacity 9574K, committed 9648K, reserved 1048576K
Event: 175.219 GC heap after
Heap after GC invocations=17 (full 3):
 PSYoungGen      total 234496K, used 12504K [0x00000000d5580000, 0x00000000e5480000, 0x0000000100000000)
  eden space 209408K, 0% used [0x00000000d5580000,0x00000000d5580000,0x00000000e2200000)
  from space 25088K, 49% used [0x00000000e3980000,0x00000000e45b6008,0x00000000e5200000)
  to   space 24064K, 0% used [0x00000000e2200000,0x00000000e2200000,0x00000000e3980000)
 ParOldGen       total 104960K, used 47105K [0x0000000080000000, 0x0000000086680000, 0x00000000d5580000)
  object space 104960K, 44% used [0x0000000080000000,0x0000000082e005e8,0x0000000086680000)
 Metaspace       used 64081K, capacity 68056K, committed 68248K, reserved 1107968K
  class space    used 8611K, capacity 9574K, committed 9648K, reserved 1048576K
}
Event: 185.913 GC heap before
{Heap before GC invocations=18 (full 3):
 PSYoungGen      total 234496K, used 221912K [0x00000000d5580000, 0x00000000e5480000, 0x0000000100000000)
  eden space 209408K, 100% used [0x00000000d5580000,0x00000000e2200000,0x00000000e2200000)
  from space 25088K, 49% used [0x00000000e3980000,0x00000000e45b6008,0x00000000e5200000)
  to   space 24064K, 0% used [0x00000000e2200000,0x00000000e2200000,0x00000000e3980000)
 ParOldGen       total 104960K, used 47105K [0x0000000080000000, 0x0000000086680000, 0x00000000d5580000)
  object space 104960K, 44% used [0x0000000080000000,0x0000000082e005e8,0x0000000086680000)
 Metaspace       used 71176K, capacity 75250K, committed 75416K, reserved 1114112K
  class space    used 9389K, capacity 10365K, committed 10416K, reserved 1048576K
Event: 185.977 GC heap after
Heap after GC invocations=18 (full 3):
 PSYoungGen      total 233472K, used 24063K [0x00000000d5580000, 0x00000000e8680000, 0x0000000100000000)
  eden space 209408K, 0% used [0x00000000d5580000,0x00000000d5580000,0x00000000e2200000)
  from space 24064K, 99% used [0x00000000e2200000,0x00000000e397fdf8,0x00000000e3980000)
  to   space 32256K, 0% used [0x00000000e6700000,0x00000000e6700000,0x00000000e8680000)
 ParOldGen       total 104960K, used 61096K [0x0000000080000000, 0x0000000086680000, 0x00000000d5580000)
  object space 104960K, 58% used [0x0000000080000000,0x0000000083baa2e8,0x0000000086680000)
 Metaspace       used 71176K, capacity 75250K, committed 75416K, reserved 1114112K
  class space    used 9389K, capacity 10365K, committed 10416K, reserved 1048576K
}

Deoptimization events (10 events):
Event: 184.960 Thread 0x00000000209bf000 Uncommon trap: reason=unstable_if action=reinterpret pc=0x0000000003e8cfb0 method=com.sun.tools.javac.code.Types$SameTypeVisitor.visitClassType(Lcom/sun/tools/javac/code/Type$ClassType;Lcom/sun/tools/javac/code/Type;)Ljava/lang/Boolean; @ 31
Event: 185.161 Thread 0x00000000209bf000 Uncommon trap: reason=unstable_if action=reinterpret pc=0x0000000003ac6564 method=com.sun.tools.javac.code.Types.checkUnsafeVarargsConversion(Lcom/sun/tools/javac/code/Type;Lcom/sun/tools/javac/code/Type;Lcom/sun/tools/javac/util/Warner;)V @ 15
Event: 185.352 Thread 0x00000000209bf000 Uncommon trap: reason=bimorphic action=maybe_recompile pc=0x00000000051a981c method=com.sun.tools.javac.jvm.ClassWriter.enterInner(Lcom/sun/tools/javac/code/Symbol$ClassSymbol;)V @ 146
Event: 185.355 Thread 0x00000000209bf000 Uncommon trap: reason=bimorphic action=maybe_recompile pc=0x00000000051a981c method=com.sun.tools.javac.jvm.ClassWriter.enterInner(Lcom/sun/tools/javac/code/Symbol$ClassSymbol;)V @ 146
Event: 185.365 Thread 0x00000000209bf000 Uncommon trap: reason=bimorphic action=maybe_recompile pc=0x00000000051a981c method=com.sun.tools.javac.jvm.ClassWriter.enterInner(Lcom/sun/tools/javac/code/Symbol$ClassSymbol;)V @ 146
Event: 185.370 Thread 0x00000000209bf000 Uncommon trap: reason=bimorphic action=maybe_recompile pc=0x00000000051a981c method=com.sun.tools.javac.jvm.ClassWriter.enterInner(Lcom/sun/tools/javac/code/Symbol$ClassSymbol;)V @ 146
Event: 185.380 Thread 0x00000000209bf000 Uncommon trap: reason=unstable_if action=reinterpret pc=0x00000000048cc990 method=com.sun.tools.javac.jvm.Pool.put(Ljava/lang/Object;)I @ 87
Event: 186.000 Thread 0x00000000209bf000 Uncommon trap: reason=null_check action=make_not_entrant pc=0x0000000004bc83c0 method=com.sun.tools.javac.util.UnsharedNameTable.fromUtf([BII)Lcom/sun/tools/javac/util/Name; @ 50
Event: 186.167 Thread 0x00000000209bf000 Uncommon trap: reason=predicate action=maybe_recompile pc=0x0000000004d38c74 method=com.sun.tools.javac.comp.Resolve$AbstractMethodCheck.argumentsAcceptable(Lcom/sun/tools/javac/comp/Env;Lcom/sun/tools/javac/comp/DeferredAttr$DeferredAttrContext;Lcom/sun/
Event: 186.178 Thread 0x00000000209bf000 Uncommon trap: reason=unstable_if action=reinterpret pc=0x00000000052fd8d0 method=com.sun.tools.javac.comp.Resolve.findField(Lcom/sun/tools/javac/comp/Env;Lcom/sun/tools/javac/code/Type;Lcom/sun/tools/javac/util/Name;Lcom/sun/tools/javac/code/Symbol$TypeS

Classes redefined (0 events):
No events

Internal exceptions (10 events):
Event: 176.630 Thread 0x00000000209bf000 Exception <a 'java/io/FileNotFoundException'> (0x00000000d9158970) thrown at [C:\re\workspace\8-2-build-windows-amd64-cygwin\jdk8u171\10807\hotspot\src\share\vm\prims\jni.cpp, line 709]
Event: 180.618 Thread 0x00000000209be000 Exception <a 'java/lang/NoSuchMethodError': java.lang.Object.lambda$static$0(Ljava/lang/String;)Z> (0x00000000dd587378) thrown at [C:\re\workspace\8-2-build-windows-amd64-cygwin\jdk8u171\10807\hotspot\src\share\vm\interpreter\linkResolver.cpp, line 620]
Event: 180.620 Thread 0x00000000209be000 Exception <a 'sun/nio/fs/WindowsException'> (0x00000000dd5926e8) thrown at [C:\re\workspace\8-2-build-windows-amd64-cygwin\jdk8u171\10807\hotspot\src\share\vm\prims\jni.cpp, line 709]
Event: 180.631 Thread 0x00000000209bf800 Exception <a 'sun/nio/fs/WindowsException'> (0x00000000dd5c39d8) thrown at [C:\re\workspace\8-2-build-windows-amd64-cygwin\jdk8u171\10807\hotspot\src\share\vm\prims\jni.cpp, line 709]
Event: 181.005 Thread 0x000000001c2c8800 Exception <a 'java/lang/NoSuchMethodError': java.lang.Object.lambda$negate$1(Ljava/lang/Object;)Z> (0x00000000ddd55d48) thrown at [C:\re\workspace\8-2-build-windows-amd64-cygwin\jdk8u171\10807\hotspot\src\share\vm\interpreter\linkResolver.cpp, line 620]
Event: 183.163 Thread 0x00000000209bf000 Exception <a 'java/lang/NoSuchMethodError': java.lang.Object.lambda$comparingInt$7b0bb60$1(Ljava/util/function/ToIntFunction;Ljava/lang/Object;Ljava/lang/Object;)I> (0x00000000dde4df38) thrown at [C:\re\workspace\8-2-build-windows-amd64-cygwin\jdk8u171\10
Event: 183.847 Thread 0x00000000209bf000 Exception <a 'java/io/FileNotFoundException'> (0x00000000df5897d8) thrown at [C:\re\workspace\8-2-build-windows-amd64-cygwin\jdk8u171\10807\hotspot\src\share\vm\prims\jni.cpp, line 709]
Event: 183.847 Thread 0x00000000209bf000 Exception <a 'java/io/FileNotFoundException'> (0x00000000df58b478) thrown at [C:\re\workspace\8-2-build-windows-amd64-cygwin\jdk8u171\10807\hotspot\src\share\vm\prims\jni.cpp, line 709]
Event: 183.869 Thread 0x00000000209bf000 Implicit null exception at 0x0000000004d58e18 to 0x0000000004d58e4e
Event: 186.000 Thread 0x00000000209bf000 Implicit null exception at 0x0000000004bc7cf0 to 0x0000000004bc8385

Events (10 events):
Event: 186.018 Executing VM operation: Deoptimize
Event: 186.020 Executing VM operation: Deoptimize done
Event: 186.099 Thread 0x00000000209bf000 DEOPT PACKING pc=0x0000000005080c0b sp=0x0000000027c6b5a0
Event: 186.099 Thread 0x00000000209bf000 DEOPT UNPACKING pc=0x0000000002bb7890 sp=0x0000000027c6b3f8 mode 0
Event: 186.167 Thread 0x00000000209bf000 Uncommon trap: trap_request=0xffffff86 fr.pc=0x0000000004d38c74
Event: 186.167 Thread 0x00000000209bf000 DEOPT PACKING pc=0x0000000004d38c74 sp=0x0000000027c6b830
Event: 186.167 Thread 0x00000000209bf000 DEOPT UNPACKING pc=0x0000000002bb583b sp=0x0000000027c6b848 mode 2
Event: 186.178 Thread 0x00000000209bf000 Uncommon trap: trap_request=0xffffff65 fr.pc=0x00000000052fd8d0
Event: 186.178 Thread 0x00000000209bf000 DEOPT PACKING pc=0x00000000052fd8d0 sp=0x0000000027c6bc60
Event: 186.178 Thread 0x00000000209bf000 DEOPT UNPACKING pc=0x0000000002bb583b sp=0x0000000027c6bc00 mode 2


Dynamic libraries:
0x00007ff638a00000 - 0x00007ff638a37000 	C:\Program Files\Java\jdk1.8.0_171\bin\java.exe
0x00007ff92f450000 - 0x00007ff92f631000 	C:\WINDOWS\SYSTEM32\ntdll.dll
0x00007ff922390000 - 0x00007ff9223a2000 	C:\Program Files\AVAST Software\Avast\aswhook.dll
0x00007ff92ef00000 - 0x00007ff92efb1000 	C:\WINDOWS\System32\KERNEL32.DLL
0x00007ff92b930000 - 0x00007ff92bba3000 	C:\WINDOWS\System32\KERNELBASE.dll
0x00007ff92efc0000 - 0x00007ff92f061000 	C:\WINDOWS\System32\ADVAPI32.dll
0x00007ff92c8e0000 - 0x00007ff92c97e000 	C:\WINDOWS\System32\msvcrt.dll
0x00007ff92ed30000 - 0x00007ff92ed8b000 	C:\WINDOWS\System32\sechost.dll
0x00007ff92e210000 - 0x00007ff92e334000 	C:\WINDOWS\System32\RPCRT4.dll
0x00007ff92c980000 - 0x00007ff92cb10000 	C:\WINDOWS\System32\USER32.dll
0x00007ff92b910000 - 0x00007ff92b930000 	C:\WINDOWS\System32\win32u.dll
0x00007ff92e400000 - 0x00007ff92e428000 	C:\WINDOWS\System32\GDI32.dll
0x00007ff92bc60000 - 0x00007ff92bdf2000 	C:\WINDOWS\System32\gdi32full.dll
0x00007ff92b870000 - 0x00007ff92b90f000 	C:\WINDOWS\System32\msvcp_win.dll
0x00007ff92bee0000 - 0x00007ff92bfd8000 	C:\WINDOWS\System32\ucrtbase.dll
0x00007ff912000000 - 0x00007ff912269000 	C:\WINDOWS\WinSxS\amd64_microsoft.windows.common-controls_6595b64144ccf1df_6.0.17134.706_none_fb43a2cb30647007\COMCTL32.dll
0x00007ff92ea00000 - 0x00007ff92ed22000 	C:\WINDOWS\System32\combase.dll
0x00007ff92be00000 - 0x00007ff92be7a000 	C:\WINDOWS\System32\bcryptPrimitives.dll
0x00007ff92f210000 - 0x00007ff92f23d000 	C:\WINDOWS\System32\IMM32.DLL
0x00000000695f0000 - 0x00000000696c2000 	C:\Program Files\Java\jdk1.8.0_171\jre\bin\msvcr100.dll
0x0000000068d50000 - 0x00000000695f0000 	C:\Program Files\Java\jdk1.8.0_171\jre\bin\server\jvm.dll
0x00007ff92f2e0000 - 0x00007ff92f2e8000 	C:\WINDOWS\System32\PSAPI.DLL
0x00007ff91a250000 - 0x00007ff91a259000 	C:\WINDOWS\SYSTEM32\WSOCK32.dll
0x00007ff92e1a0000 - 0x00007ff92e20c000 	C:\WINDOWS\System32\WS2_32.dll
0x00007ff922ae0000 - 0x00007ff922b03000 	C:\WINDOWS\SYSTEM32\WINMM.dll
0x00007ff922b10000 - 0x00007ff922b1a000 	C:\WINDOWS\SYSTEM32\VERSION.dll
0x00007ff920e90000 - 0x00007ff920eba000 	C:\WINDOWS\SYSTEM32\WINMMBASE.dll
0x00007ff92b820000 - 0x00007ff92b869000 	C:\WINDOWS\System32\cfgmgr32.dll
0x0000000068d40000 - 0x0000000068d4f000 	C:\Program Files\Java\jdk1.8.0_171\jre\bin\verify.dll
0x0000000068d10000 - 0x0000000068d39000 	C:\Program Files\Java\jdk1.8.0_171\jre\bin\java.dll
0x0000000068cf0000 - 0x0000000068d06000 	C:\Program Files\Java\jdk1.8.0_171\jre\bin\zip.dll
0x00007ff92ccb0000 - 0x00007ff92e0f0000 	C:\WINDOWS\System32\SHELL32.dll
0x00007ff92e0f0000 - 0x00007ff92e199000 	C:\WINDOWS\System32\shcore.dll
0x00007ff92bfe0000 - 0x00007ff92c6ed000 	C:\WINDOWS\System32\windows.storage.dll
0x00007ff92e3a0000 - 0x00007ff92e3f1000 	C:\WINDOWS\System32\shlwapi.dll
0x00007ff92b800000 - 0x00007ff92b811000 	C:\WINDOWS\System32\kernel.appcore.dll
0x00007ff92b7e0000 - 0x00007ff92b7ff000 	C:\WINDOWS\System32\profapi.dll
0x00007ff92b770000 - 0x00007ff92b7bc000 	C:\WINDOWS\System32\powrprof.dll
0x00007ff92b760000 - 0x00007ff92b76a000 	C:\WINDOWS\System32\FLTLIB.DLL
0x0000000068cd0000 - 0x0000000068cea000 	C:\Program Files\Java\jdk1.8.0_171\jre\bin\net.dll
0x00007ff92af80000 - 0x00007ff92afe6000 	C:\WINDOWS\system32\mswsock.dll
0x0000000068cb0000 - 0x0000000068cc1000 	C:\Program Files\Java\jdk1.8.0_171\jre\bin\nio.dll
0x00007ff922280000 - 0x00007ff92229e000 	C:\Users\isfm0\.gradle\native\25\windows-amd64\native-platform.dll
0x0000000068ca0000 - 0x0000000068cad000 	C:\Program Files\Java\jdk1.8.0_171\jre\bin\management.dll
0x00007ff92b130000 - 0x00007ff92b147000 	C:\WINDOWS\SYSTEM32\CRYPTSP.dll
0x00007ff92ab60000 - 0x00007ff92ab93000 	C:\WINDOWS\system32\rsaenh.dll
0x00007ff92b260000 - 0x00007ff92b285000 	C:\WINDOWS\SYSTEM32\bcrypt.dll
0x00007ff92b660000 - 0x00007ff92b688000 	C:\WINDOWS\SYSTEM32\USERENV.dll
0x00007ff92b150000 - 0x00007ff92b15b000 	C:\WINDOWS\SYSTEM32\CRYPTBASE.dll
0x00007ff92ad00000 - 0x00007ff92ad38000 	C:\WINDOWS\SYSTEM32\IPHLPAPI.DLL
0x00007ff92eef0000 - 0x00007ff92eef8000 	C:\WINDOWS\System32\NSI.dll
0x00007ff9232e0000 - 0x00007ff9232f6000 	C:\WINDOWS\SYSTEM32\dhcpcsvc6.DLL
0x00007ff9245c0000 - 0x00007ff9245da000 	C:\WINDOWS\SYSTEM32\dhcpcsvc.DLL
0x00007ff92a850000 - 0x00007ff92a881000 	C:\WINDOWS\SYSTEM32\ntmarta.dll

VM Arguments:
jvm_args: -Xmx2048m -Dfile.encoding=windows-1252 -Duser.country=FR -Duser.language=fr -Duser.variant 
java_command: org.gradle.launcher.daemon.bootstrap.GradleDaemon 4.1
java_class_path (initial): C:\Users\isfm0\.gradle\wrapper\dists\gradle-4.1-all\bzyivzo6n839fup2jbap0tjew\gradle-4.1\lib\gradle-launcher-4.1.jar
Launcher Type: SUN_STANDARD

Environment Variables:
JAVA_HOME=C:\Program Files\java\jdk1.8.0_171
CLASSPATH=C:\Users\isfm0\OneDrive\Bureau\AppliLOM\LOMApp\LomTaxi_version_DEMO\platforms\android\\gradle\wrapper\gradle-wrapper.jar
PATH=C:\Program Files (x86)\Common Files\Intel\Shared Libraries\redist\intel64\compiler;C:\Program Files (x86)\Common Files\Oracle\Java\javapath;C:\ProgramData\Oracle\Java\javapath;C:\Program Files (x86)\Intel\iCLS Client\;C:\Program Files\Intel\iCLS Client\;C:\WINDOWS\system32;C:\WINDOWS;C:\WINDOWS\System32\Wbem;C:\WINDOWS\System32\WindowsPowerShell\v1.0\;C:\Program Files (x86)\Intel\Intel(R) Management Engine Components\DAL;C:\Program Files\Intel\Intel(R) Management Engine Components\DAL;C:\Program Files (x86)\Intel\Intel(R) Management Engine Components\IPT;C:\Program Files\Intel\Intel(R) Management Engine Components\IPT;C:\Program Files\Intel\WiFi\bin\;C:\Program Files\Common Files\Intel\WirelessCommon\;C:\Program Files (x86)\Windows Kits\8.1\Windows Performance Toolkit\;C:\Program Files\nodejs\;C:\Program Files\Microsoft SQL Server\130\Tools\Binn\;C:\Program Files (x86)\Microsoft SDKs\TypeScript\1.0\;C:\Program Files (x86)\Windows Kits\10\Windows Performance Toolkit\;C:\Program Files\dotnet\;C:\WINDOWS\system32\config\systemprofile\.dnx\bin;C:\Program Files\Microsoft DNX\Dnvm\;C:\Program Files\Git\cmd;C:\WINDOWS\System32\OpenSSH\;C:\Program Files\PuTTY\;C:\Program Files\Microsoft VS Code\bin;C:\Users\isfm0\AppData\Local\Microsoft\WindowsApps;C:\Program Files\Microsoft VS Code\bin;C:\Users\isfm0\AppData\Roaming\npm;;C:\Program Files\java\jdk1.8.0_171\bin;C:\Users\isfm0\AppData\Local\Android\sdk\tools;C:\Users\isfm0\AppData\Local\Android\sdk\platform-tools;C:\Users\isfm0\AppData\Local\Android\sdk\tools\bin
USERNAME=isfm0
OS=Windows_NT
PROCESSOR_IDENTIFIER=Intel64 Family 6 Model 142 Stepping 9, GenuineIntel



---------------  S Y S T E M  ---------------

OS: Windows 10.0 , 64 bit Build 17134 (10.0.17134.706)

CPU:total 4 (initial active 4) (2 cores per cpu, 2 threads per core) family 6 model 142 stepping 9, cmov, cx8, fxsr, mmx, sse, sse2, sse3, ssse3, sse4.1, sse4.2, popcnt, avx, avx2, aes, clmul, erms, 3dnowpref, lzcnt, ht, tsc, tscinvbit, bmi1, bmi2, adx

Memory: 4k page, physical 8262884k(346440k free), swap 33428708k(6188k free)

vm_info: Java HotSpot(TM) 64-Bit Server VM (25.171-b11) for windows-amd64 JRE (1.8.0_171-b11), built on Mar 28 2018 16:06:12 by "java_re" with MS VC++ 10.0 (VS2010)

time: Mon May 06 11:35:54 2019
elapsed time: 186 seconds (0d 0h 3m 6s)

