#
# There is insufficient memory for the Java Runtime Environment to continue.
# Native memory allocation (malloc) failed to allocate 1061664 bytes for Chunk::new
# Possible reasons:
#   The system is out of physical RAM or swap space
#   In 32 bit mode, the process size limit was hit
# Possible solutions:
#   Reduce memory load on the system
#   Increase physical memory or swap space
#   Check if swap backing store is full
#   Use 64 bit Java on a 64 bit OS
#   Decrease Java heap size (-Xmx/-Xms)
#   Decrease number of Java threads
#   Decrease Java thread stack sizes (-Xss)
#   Set larger code cache with -XX:ReservedCodeCacheSize=
# This output file may be truncated or incomplete.
#
#  Out of Memory Error (allocation.cpp:390), pid=21544, tid=0x0000000000004ff0
#
# JRE version: Java(TM) SE Runtime Environment (8.0_171-b11) (build 1.8.0_171-b11)
# Java VM: Java HotSpot(TM) 64-Bit Server VM (25.171-b11 mixed mode windows-amd64 compressed oops)
# Failed to write core dump. Minidumps are not enabled by default on client versions of Windows
#

---------------  T H R E A D  ---------------

Current thread (0x0000000017942000):  JavaThread "C2 CompilerThread0" daemon [_thread_in_native, id=20464, stack(0x0000000018fc0000,0x00000000190c0000)]

Stack: [0x0000000018fc0000,0x00000000190c0000]
[error occurred during error reporting (printing stack bounds), id 0xc0000005]

Native frames: (J=compiled Java code, j=interpreted, Vv=VM code, C=native code)


Current CompileTask:
C2:6192693 14171       4       org.gradle.api.internal.artifacts.ivyservice.modulecache.ModuleMetadataSerializer$Reader::readDependency (180 bytes)


---------------  P R O C E S S  ---------------

Java Threads: ( => current thread )
  0x000000001a859000 JavaThread "build operations Thread 4" [_thread_blocked, id=27824, stack(0x000000002e5d0000,0x000000002e6d0000)]
  0x000000001a860000 JavaThread "build operations Thread 3" [_thread_blocked, id=39812, stack(0x000000002e4d0000,0x000000002e5d0000)]
  0x000000001a85f000 JavaThread "build operations Thread 2" [_thread_blocked, id=37472, stack(0x000000002e3d0000,0x000000002e4d0000)]
  0x000000001a85c800 JavaThread "build operations" [_thread_blocked, id=35944, stack(0x000000002e2d0000,0x000000002e3d0000)]
  0x000000001a857800 JavaThread "Cache worker for Artifact transforms cache (C:\Users\isfm0\.gradle\caches\transforms-1)" [_thread_blocked, id=34336, stack(0x000000002e1d0000,0x000000002e2d0000)]
  0x000000001a855000 JavaThread "Cache worker for file hash cache (C:\Users\isfm0\OneDrive\Bureau\AppliLOM\LOMApp\LomTaxi_version_DEMO\platforms\android\.gradle\4.1\fileHashes)" [_thread_blocked, id=30144, stack(0x000000002e0d0000,0x000000002e1d0000)]
  0x000000001a856800 JavaThread "Stdin handler" [_thread_blocked, id=12888, stack(0x000000002dfd0000,0x000000002e0d0000)]
  0x000000001a854800 JavaThread "Asynchronous log dispatcher for DefaultDaemonConnection: socket connection from /127.0.0.1:54960 to /127.0.0.1:58227" [_thread_blocked, id=39704, stack(0x000000002ded0000,0x000000002dfd0000)]
  0x000000001a858000 JavaThread "Daemon worker Thread 8" [_thread_in_native, id=3292, stack(0x000000002ddd0000,0x000000002ded0000)]
  0x000000001a856000 JavaThread "Cancel handler" [_thread_blocked, id=25348, stack(0x000000002dcd0000,0x000000002ddd0000)]
  0x000000001a85a800 JavaThread "Handler for socket connection from /127.0.0.1:54960 to /127.0.0.1:58227" [_thread_in_native, id=36768, stack(0x000000002dbd0000,0x000000002dcd0000)]
  0x000000001a853800 JavaThread "Daemon Thread 8" [_thread_blocked, id=35632, stack(0x000000002dad0000,0x000000002dbd0000)]
  0x000000001a85e800 JavaThread "Memory manager" [_thread_blocked, id=20180, stack(0x00000000221a0000,0x00000000222a0000)]
  0x000000001a85b000 JavaThread "pool-1-thread-1" [_thread_blocked, id=36612, stack(0x0000000021c40000,0x0000000021d40000)]
  0x000000001a859800 JavaThread "File lock request listener" [_thread_in_native, id=37976, stack(0x000000001d510000,0x000000001d610000)]
  0x000000001ac96000 JavaThread "Cache worker for file hash cache (C:\Users\isfm0\.gradle\caches\4.1\fileHashes)" [_thread_blocked, id=38928, stack(0x000000001d210000,0x000000001d310000)]
  0x000000001ac99800 JavaThread "Daemon periodic checks" [_thread_blocked, id=27100, stack(0x000000001b940000,0x000000001ba40000)]
  0x000000001ac9a800 JavaThread "Incoming local TCP Connector on port 54960" [_thread_in_native, id=39892, stack(0x000000001b6d0000,0x000000001b7d0000)]
  0x000000001ac99000 JavaThread "Daemon health stats" [_thread_blocked, id=39636, stack(0x000000001b090000,0x000000001b190000)]
  0x00000000192e9000 JavaThread "Service Thread" daemon [_thread_blocked, id=26780, stack(0x00000000196c0000,0x00000000197c0000)]
  0x0000000017992000 JavaThread "C1 CompilerThread2" daemon [_thread_in_vm, id=32536, stack(0x00000000191c0000,0x00000000192c0000)]
  0x0000000017945000 JavaThread "C2 CompilerThread1" daemon [_thread_blocked, id=32700, stack(0x00000000190c0000,0x00000000191c0000)]
=>0x0000000017942000 JavaThread "C2 CompilerThread0" daemon [_thread_in_native, id=20464, stack(0x0000000018fc0000,0x00000000190c0000)]
  0x0000000017940000 JavaThread "Attach Listener" daemon [_thread_blocked, id=23060, stack(0x0000000018ec0000,0x0000000018fc0000)]
  0x000000001793d000 JavaThread "Signal Dispatcher" daemon [_thread_blocked, id=32612, stack(0x0000000018dc0000,0x0000000018ec0000)]
  0x000000001792a000 JavaThread "Finalizer" daemon [_thread_blocked, id=39260, stack(0x0000000018ba0000,0x0000000018ca0000)]
  0x0000000017909000 JavaThread "Reference Handler" daemon [_thread_blocked, id=24784, stack(0x0000000018aa0000,0x0000000018ba0000)]
  0x0000000002c22800 JavaThread "main" [_thread_blocked, id=37360, stack(0x0000000002af0000,0x0000000002bf0000)]

Other Threads:
  0x0000000017907000 VMThread [stack: 0x00000000189a0000,0x0000000018aa0000] [id=21396]
  0x0000000017999800 WatcherThread [stack: 0x00000000197c0000,0x00000000198c0000] [id=39188]

VM state:not at safepoint (normal execution)

VM Mutex/Monitor currently owned by a thread:  ([mutex/lock_event])
[0x0000000002c20b50] CompiledIC_lock - owner thread: 0x0000000017992000

Heap:
 PSYoungGen      total 146944K, used 116268K [0x00000000d5580000, 0x00000000e0000000, 0x0000000100000000)
  eden space 121856K, 81% used [0x00000000d5580000,0x00000000db60f290,0x00000000dcc80000)
  from space 25088K, 69% used [0x00000000dcc80000,0x00000000ddd7c070,0x00000000de500000)
  to   space 25600K, 0% used [0x00000000de700000,0x00000000de700000,0x00000000e0000000)
 ParOldGen       total 93184K, used 42771K [0x0000000080000000, 0x0000000085b00000, 0x00000000d5580000)
  object space 93184K, 45% used [0x0000000080000000,0x00000000829c4c18,0x0000000085b00000)
 Metaspace       used 68790K, capacity 73916K, committed 74136K, reserved 1114112K
  class space    used 9191K, capacity 10310K, committed 10416K, reserved 1048576K

Card table byte_map: [0x00000000120e0000,0x00000000124f0000] byte_map_base: 0x0000000011ce0000

Marking Bits: (ParMarkBitMap*) 0x00000000695708c0
 Begin Bits: [0x0000000012ba0000, 0x0000000014ba0000)
 End Bits:   [0x0000000014ba0000, 0x0000000016ba0000)

Polling page: 0x0000000001260000

CodeCache: size=245760Kb used=40251Kb max_used=40305Kb free=205508Kb
 bounds [0x0000000002d20000, 0x00000000054d0000, 0x0000000011d20000]
 total_blobs=12600 nmethods=11760 adapters=751
 compilation: enabled

Compilation events (10 events):
Event: 6191.590 Thread 0x0000000017945000 nmethod 14179 0x0000000003c25a10 code [0x0000000003c25b60, 0x0000000003c25c38]
Event: 6191.601 Thread 0x0000000017992000 nmethod 14177 0x0000000004470410 code [0x00000000044708c0, 0x0000000004473358]
Event: 6191.602 Thread 0x0000000017992000 14180       3       com.google.common.cache.LocalCache::discardingQueue (4 bytes)
Event: 6191.603 Thread 0x0000000017992000 nmethod 14180 0x00000000041688d0 code [0x0000000004168a20, 0x0000000004168b50]
Event: 6191.603 Thread 0x0000000017992000 14178       3       com.google.common.cache.LocalCache::usesAccessQueue (20 bytes)
Event: 6191.603 Thread 0x0000000017992000 nmethod 14178 0x000000000480db10 code [0x000000000480dc80, 0x000000000480e010]
Event: 6191.611 Thread 0x0000000017992000 14181       3       com.google.common.base.MoreObjects::firstNonNull (13 bytes)
Event: 6191.613 Thread 0x0000000017992000 nmethod 14181 0x0000000004681f10 code [0x0000000004682080, 0x0000000004682348]
Event: 6191.632 Thread 0x0000000017992000 14182       3       org.gradle.api.internal.project.DefaultProject::toString (5 bytes)
Event: 6191.633 Thread 0x0000000017992000 nmethod 14182 0x000000000322bdd0 code [0x000000000322bf40, 0x000000000322c148]

GC Heap History (10 events):
Event: 2527.673 GC heap before
{Heap before GC invocations=24 (full 5):
 PSYoungGen      total 144384K, used 133881K [0x00000000d5580000, 0x00000000dfc00000, 0x0000000100000000)
  eden space 119296K, 100% used [0x00000000d5580000,0x00000000dca00000,0x00000000dca00000)
  from space 25088K, 58% used [0x00000000de380000,0x00000000df1be6e0,0x00000000dfc00000)
  to   space 25600K, 0% used [0x00000000dca00000,0x00000000dca00000,0x00000000de300000)
 ParOldGen       total 93184K, used 42731K [0x0000000080000000, 0x0000000085b00000, 0x00000000d5580000)
  object space 93184K, 45% used [0x0000000080000000,0x00000000829bac18,0x0000000085b00000)
 Metaspace       used 66533K, capacity 69940K, committed 70040K, reserved 1110016K
  class space    used 8888K, capacity 9581K, committed 9648K, reserved 1048576K
Event: 2527.918 GC heap after
Heap after GC invocations=24 (full 5):
 PSYoungGen      total 144896K, used 11585K [0x00000000d5580000, 0x00000000dfb00000, 0x0000000100000000)
  eden space 119296K, 0% used [0x00000000d5580000,0x00000000d5580000,0x00000000dca00000)
  from space 25600K, 45% used [0x00000000dca00000,0x00000000dd550580,0x00000000de300000)
  to   space 24576K, 0% used [0x00000000de300000,0x00000000de300000,0x00000000dfb00000)
 ParOldGen       total 93184K, used 42739K [0x0000000080000000, 0x0000000085b00000, 0x00000000d5580000)
  object space 93184K, 45% used [0x0000000080000000,0x00000000829bcc18,0x0000000085b00000)
 Metaspace       used 66533K, capacity 69940K, committed 70040K, reserved 1110016K
  class space    used 8888K, capacity 9581K, committed 9648K, reserved 1048576K
}
Event: 2593.523 GC heap before
{Heap before GC invocations=25 (full 5):
 PSYoungGen      total 144896K, used 130881K [0x00000000d5580000, 0x00000000dfb00000, 0x0000000100000000)
  eden space 119296K, 100% used [0x00000000d5580000,0x00000000dca00000,0x00000000dca00000)
  from space 25600K, 45% used [0x00000000dca00000,0x00000000dd550580,0x00000000de300000)
  to   space 24576K, 0% used [0x00000000de300000,0x00000000de300000,0x00000000dfb00000)
 ParOldGen       total 93184K, used 42739K [0x0000000080000000, 0x0000000085b00000, 0x00000000d5580000)
  object space 93184K, 45% used [0x0000000080000000,0x00000000829bcc18,0x0000000085b00000)
 Metaspace       used 66976K, capacity 70610K, committed 70936K, reserved 1110016K
  class space    used 8925K, capacity 9669K, committed 9776K, reserved 1048576K
Event: 2593.555 GC heap after
Heap after GC invocations=25 (full 5):
 PSYoungGen      total 143872K, used 6863K [0x00000000d5580000, 0x00000000dfa00000, 0x0000000100000000)
  eden space 120320K, 0% used [0x00000000d5580000,0x00000000d5580000,0x00000000dcb00000)
  from space 23552K, 29% used [0x00000000de300000,0x00000000de9b3d68,0x00000000dfa00000)
  to   space 24064K, 0% used [0x00000000dcb00000,0x00000000dcb00000,0x00000000de280000)
 ParOldGen       total 93184K, used 42747K [0x0000000080000000, 0x0000000085b00000, 0x00000000d5580000)
  object space 93184K, 45% used [0x0000000080000000,0x00000000829bec18,0x0000000085b00000)
 Metaspace       used 66976K, capacity 70610K, committed 70936K, reserved 1110016K
  class space    used 8925K, capacity 9669K, committed 9776K, reserved 1048576K
}
Event: 2598.228 GC heap before
{Heap before GC invocations=26 (full 5):
 PSYoungGen      total 143872K, used 127183K [0x00000000d5580000, 0x00000000dfa00000, 0x0000000100000000)
  eden space 120320K, 100% used [0x00000000d5580000,0x00000000dcb00000,0x00000000dcb00000)
  from space 23552K, 29% used [0x00000000de300000,0x00000000de9b3d68,0x00000000dfa00000)
  to   space 24064K, 0% used [0x00000000dcb00000,0x00000000dcb00000,0x00000000de280000)
 ParOldGen       total 93184K, used 42747K [0x0000000080000000, 0x0000000085b00000, 0x00000000d5580000)
  object space 93184K, 45% used [0x0000000080000000,0x00000000829bec18,0x0000000085b00000)
 Metaspace       used 67997K, capacity 72752K, committed 72984K, reserved 1112064K
  class space    used 9130K, capacity 10188K, committed 10288K, reserved 1048576K
Event: 2598.405 GC heap after
Heap after GC invocations=26 (full 5):
 PSYoungGen      total 144384K, used 18631K [0x00000000d5580000, 0x00000000dff00000, 0x0000000100000000)
  eden space 120320K, 0% used [0x00000000d5580000,0x00000000d5580000,0x00000000dcb00000)
  from space 24064K, 77% used [0x00000000dcb00000,0x00000000ddd31eb8,0x00000000de280000)
  to   space 25600K, 0% used [0x00000000de600000,0x00000000de600000,0x00000000dff00000)
 ParOldGen       total 93184K, used 42755K [0x0000000080000000, 0x0000000085b00000, 0x00000000d5580000)
  object space 93184K, 45% used [0x0000000080000000,0x00000000829c0c18,0x0000000085b00000)
 Metaspace       used 67997K, capacity 72752K, committed 72984K, reserved 1112064K
  class space    used 9130K, capacity 10188K, committed 10288K, reserved 1048576K
}
Event: 5339.576 GC heap before
{Heap before GC invocations=27 (full 5):
 PSYoungGen      total 144384K, used 138951K [0x00000000d5580000, 0x00000000dff00000, 0x0000000100000000)
  eden space 120320K, 100% used [0x00000000d5580000,0x00000000dcb00000,0x00000000dcb00000)
  from space 24064K, 77% used [0x00000000dcb00000,0x00000000ddd31eb8,0x00000000de280000)
  to   space 25600K, 0% used [0x00000000de600000,0x00000000de600000,0x00000000dff00000)
 ParOldGen       total 93184K, used 42755K [0x0000000080000000, 0x0000000085b00000, 0x00000000d5580000)
  object space 93184K, 45% used [0x0000000080000000,0x00000000829c0c18,0x0000000085b00000)
 Metaspace       used 68233K, capacity 73144K, committed 73240K, reserved 1112064K
  class space    used 9161K, capacity 10232K, committed 10288K, reserved 1048576K
Event: 5340.068 GC heap after
Heap after GC invocations=27 (full 5):
 PSYoungGen      total 145920K, used 13741K [0x00000000d5580000, 0x00000000dfd80000, 0x0000000100000000)
  eden space 121856K, 0% used [0x00000000d5580000,0x00000000d5580000,0x00000000dcc80000)
  from space 24064K, 57% used [0x00000000de600000,0x00000000df36b6d0,0x00000000dfd80000)
  to   space 25088K, 0% used [0x00000000dcc80000,0x00000000dcc80000,0x00000000de500000)
 ParOldGen       total 93184K, used 42763K [0x0000000080000000, 0x0000000085b00000, 0x00000000d5580000)
  object space 93184K, 45% used [0x0000000080000000,0x00000000829c2c18,0x0000000085b00000)
 Metaspace       used 68233K, capacity 73144K, committed 73240K, reserved 1112064K
  class space    used 9161K, capacity 10232K, committed 10288K, reserved 1048576K
}
Event: 5680.726 GC heap before
{Heap before GC invocations=28 (full 5):
 PSYoungGen      total 145920K, used 135597K [0x00000000d5580000, 0x00000000dfd80000, 0x0000000100000000)
  eden space 121856K, 100% used [0x00000000d5580000,0x00000000dcc80000,0x00000000dcc80000)
  from space 24064K, 57% used [0x00000000de600000,0x00000000df36b6d0,0x00000000dfd80000)
  to   space 25088K, 0% used [0x00000000dcc80000,0x00000000dcc80000,0x00000000de500000)
 ParOldGen       total 93184K, used 42763K [0x0000000080000000, 0x0000000085b00000, 0x00000000d5580000)
  object space 93184K, 45% used [0x0000000080000000,0x00000000829c2c18,0x0000000085b00000)
 Metaspace       used 68697K, capacity 73750K, committed 73880K, reserved 1114112K
  class space    used 9186K, capacity 10305K, committed 10416K, reserved 1048576K
Event: 5680.970 GC heap after
Heap after GC invocations=28 (full 5):
 PSYoungGen      total 146944K, used 17392K [0x00000000d5580000, 0x00000000e0000000, 0x0000000100000000)
  eden space 121856K, 0% used [0x00000000d5580000,0x00000000d5580000,0x00000000dcc80000)
  from space 25088K, 69% used [0x00000000dcc80000,0x00000000ddd7c070,0x00000000de500000)
  to   space 25600K, 0% used [0x00000000de700000,0x00000000de700000,0x00000000e0000000)
 ParOldGen       total 93184K, used 42771K [0x0000000080000000, 0x0000000085b00000, 0x00000000d5580000)
  object space 93184K, 45% used [0x0000000080000000,0x00000000829c4c18,0x0000000085b00000)
 Metaspace       used 68697K, capacity 73750K, committed 73880K, reserved 1114112K
  class space    used 9186K, capacity 10305K, committed 10416K, reserved 1048576K
}

Deoptimization events (10 events):
Event: 2598.582 Thread 0x000000001a85f000 Uncommon trap: reason=unstable_if action=reinterpret pc=0x0000000003a1fde0 method=java.lang.StringCoding$StringDecoder.decode([BII)[C @ 33
Event: 4217.543 Thread 0x000000001a856800 Uncommon trap: reason=class_check action=maybe_recompile pc=0x00000000047a18e0 method=org.gradle.internal.logging.sink.OutputEventRenderer$4.onOutput(Lorg/gradle/internal/logging/events/OutputEvent;)V @ 11
Event: 4217.544 Thread 0x000000001a856800 Uncommon trap: reason=class_check action=maybe_recompile pc=0x00000000047a18e0 method=org.gradle.internal.logging.sink.OutputEventRenderer$4.onOutput(Lorg/gradle/internal/logging/events/OutputEvent;)V @ 11
Event: 4217.544 Thread 0x000000001a856800 Uncommon trap: reason=class_check action=maybe_recompile pc=0x00000000047a18e0 method=org.gradle.internal.logging.sink.OutputEventRenderer$4.onOutput(Lorg/gradle/internal/logging/events/OutputEvent;)V @ 11
Event: 4217.544 Thread 0x000000001a856800 Uncommon trap: reason=class_check action=maybe_recompile pc=0x00000000047a18e0 method=org.gradle.internal.logging.sink.OutputEventRenderer$4.onOutput(Lorg/gradle/internal/logging/events/OutputEvent;)V @ 11
Event: 4217.642 Thread 0x000000001a855000 Uncommon trap: reason=unstable_if action=reinterpret pc=0x00000000035e97f0 method=org.gradle.internal.logging.events.LogEvent.render(Lorg/gradle/internal/logging/text/StyledTextOutput;)V @ 22
Event: 5344.563 Thread 0x000000001a860000 Uncommon trap: reason=unstable_if action=reinterpret pc=0x0000000004337ed0 method=java.util.concurrent.locks.LockSupport.unpark(Ljava/lang/Thread;)V @ 1
Event: 5344.753 Thread 0x000000001a85c800 Uncommon trap: reason=unstable_if action=reinterpret pc=0x0000000004b87880 method=java.util.concurrent.ConcurrentHashMap.addCount(JI)V @ 97
Event: 5674.817 Thread 0x000000001ac9c800 Uncommon trap: reason=unstable_if action=reinterpret pc=0x000000000301f44c method=java.util.concurrent.ArrayBlockingQueue.enqueue(Ljava/lang/Object;)V @ 25
Event: 5677.232 Thread 0x000000001ac9c800 Uncommon trap: reason=unstable_if action=reinterpret pc=0x000000000399b7a0 method=java.util.concurrent.ArrayBlockingQueue.dequeue()Ljava/lang/Object; @ 32

Classes redefined (0 events):
No events

Internal exceptions (10 events):
Event: 5677.876 Thread 0x000000001ac9c800 Exception <a 'sun/nio/fs/WindowsException'> (0x00000000daea1828) thrown at [C:\re\workspace\8-2-build-windows-amd64-cygwin\jdk8u171\10807\hotspot\src\share\vm\prims\jni.cpp, line 709]
Event: 5677.877 Thread 0x000000001ac9c800 Exception <a 'sun/nio/fs/WindowsException'> (0x00000000daea99a8) thrown at [C:\re\workspace\8-2-build-windows-amd64-cygwin\jdk8u171\10807\hotspot\src\share\vm\prims\jni.cpp, line 709]
Event: 5677.877 Thread 0x000000001ac9c800 Exception <a 'sun/nio/fs/WindowsException'> (0x00000000daeaaac0) thrown at [C:\re\workspace\8-2-build-windows-amd64-cygwin\jdk8u171\10807\hotspot\src\share\vm\prims\jni.cpp, line 709]
Event: 5677.877 Thread 0x000000001ac9c800 Exception <a 'sun/nio/fs/WindowsException'> (0x00000000daeac908) thrown at [C:\re\workspace\8-2-build-windows-amd64-cygwin\jdk8u171\10807\hotspot\src\share\vm\prims\jni.cpp, line 709]
Event: 5677.878 Thread 0x000000001ac9c800 Exception <a 'sun/nio/fs/WindowsException'> (0x00000000daeada08) thrown at [C:\re\workspace\8-2-build-windows-amd64-cygwin\jdk8u171\10807\hotspot\src\share\vm\prims\jni.cpp, line 709]
Event: 5680.358 Thread 0x000000001a863000 Exception <a 'sun/nio/fs/WindowsException'> (0x00000000dc6022f8) thrown at [C:\re\workspace\8-2-build-windows-amd64-cygwin\jdk8u171\10807\hotspot\src\share\vm\prims\jni.cpp, line 709]
Event: 5682.724 Thread 0x000000001ac9c800 Exception <a 'sun/nio/fs/WindowsException'> (0x00000000d562b4d8) thrown at [C:\re\workspace\8-2-build-windows-amd64-cygwin\jdk8u171\10807\hotspot\src\share\vm\prims\jni.cpp, line 709]
Event: 5938.724 Thread 0x000000001a85b000 Exception <a 'sun/nio/fs/WindowsException'> (0x00000000da0ad0b0) thrown at [C:\re\workspace\8-2-build-windows-amd64-cygwin\jdk8u171\10807\hotspot\src\share\vm\prims\jni.cpp, line 709]
Event: 6191.576 Thread 0x000000001a858000 Exception <a 'sun/nio/fs/WindowsException'> (0x00000000db5d6988) thrown at [C:\re\workspace\8-2-build-windows-amd64-cygwin\jdk8u171\10807\hotspot\src\share\vm\prims\jni.cpp, line 709]
Event: 6191.627 Thread 0x000000001a858000 Exception <a 'sun/nio/fs/WindowsException'> (0x00000000db5dae80) thrown at [C:\re\workspace\8-2-build-windows-amd64-cygwin\jdk8u171\10807\hotspot\src\share\vm\prims\jni.cpp, line 709]

Events (10 events):
Event: 6191.469 loading class groovy/runtime/metaclass/cordova_3p9xvh1028bvm0br038fcmq30$_getAvailableBuildTools_closure4MetaClass
Event: 6191.469 loading class groovy/runtime/metaclass/cordova_3p9xvh1028bvm0br038fcmq30$_getAvailableBuildTools_closure4MetaClass done
Event: 6191.474 loading class groovy/runtime/metaclass/cordova_3p9xvh1028bvm0br038fcmq30$_compareVersions_closure6MetaClass
Event: 6191.474 loading class groovy/runtime/metaclass/cordova_3p9xvh1028bvm0br038fcmq30$_compareVersions_closure6MetaClass done
Event: 6191.477 loading class groovy/runtime/metaclass/cordova_3p9xvh1028bvm0br038fcmq30$_compareVersions_closure7MetaClass
Event: 6191.477 loading class groovy/runtime/metaclass/cordova_3p9xvh1028bvm0br038fcmq30$_compareVersions_closure7MetaClass done
Event: 6191.481 loading class groovy/runtime/metaclass/cordova_3p9xvh1028bvm0br038fcmq30$_compareVersionList_closure5MetaClass
Event: 6191.481 loading class groovy/runtime/metaclass/cordova_3p9xvh1028bvm0br038fcmq30$_compareVersionList_closure5MetaClass done
Event: 6191.502 Thread 0x0000000017992000 flushing nmethod 0x0000000004469e50
Event: 6191.656 Thread 0x0000000017992000 flushing nmethod 0x0000000004c41190


Dynamic libraries:
0x00007ff638a00000 - 0x00007ff638a37000 	C:\Program Files\Java\jdk1.8.0_171\bin\java.exe
0x00007ff92f450000 - 0x00007ff92f631000 	C:\WINDOWS\SYSTEM32\ntdll.dll
0x00007ff922390000 - 0x00007ff9223a2000 	C:\Program Files\AVAST Software\Avast\aswhook.dll
0x00007ff92ef00000 - 0x00007ff92efb1000 	C:\WINDOWS\System32\KERNEL32.DLL
0x00007ff92b930000 - 0x00007ff92bba3000 	C:\WINDOWS\System32\KERNELBASE.dll
0x00007ff92efc0000 - 0x00007ff92f061000 	C:\WINDOWS\System32\ADVAPI32.dll
0x00007ff92c8e0000 - 0x00007ff92c97e000 	C:\WINDOWS\System32\msvcrt.dll
0x00007ff92ed30000 - 0x00007ff92ed8b000 	C:\WINDOWS\System32\sechost.dll
0x00007ff92e210000 - 0x00007ff92e334000 	C:\WINDOWS\System32\RPCRT4.dll
0x00007ff92c980000 - 0x00007ff92cb10000 	C:\WINDOWS\System32\USER32.dll
0x00007ff92b910000 - 0x00007ff92b930000 	C:\WINDOWS\System32\win32u.dll
0x00007ff92e400000 - 0x00007ff92e428000 	C:\WINDOWS\System32\GDI32.dll
0x00007ff92bc60000 - 0x00007ff92bdf2000 	C:\WINDOWS\System32\gdi32full.dll
0x00007ff92b870000 - 0x00007ff92b90f000 	C:\WINDOWS\System32\msvcp_win.dll
0x00007ff92bee0000 - 0x00007ff92bfd8000 	C:\WINDOWS\System32\ucrtbase.dll
0x00007ff912000000 - 0x00007ff912269000 	C:\WINDOWS\WinSxS\amd64_microsoft.windows.common-controls_6595b64144ccf1df_6.0.17134.706_none_fb43a2cb30647007\COMCTL32.dll
0x00007ff92ea00000 - 0x00007ff92ed22000 	C:\WINDOWS\System32\combase.dll
0x00007ff92be00000 - 0x00007ff92be7a000 	C:\WINDOWS\System32\bcryptPrimitives.dll
0x00007ff92f210000 - 0x00007ff92f23d000 	C:\WINDOWS\System32\IMM32.DLL
0x00000000695f0000 - 0x00000000696c2000 	C:\Program Files\Java\jdk1.8.0_171\jre\bin\msvcr100.dll
0x0000000068d50000 - 0x00000000695f0000 	C:\Program Files\Java\jdk1.8.0_171\jre\bin\server\jvm.dll
0x00007ff92f2e0000 - 0x00007ff92f2e8000 	C:\WINDOWS\System32\PSAPI.DLL
0x00007ff91a250000 - 0x00007ff91a259000 	C:\WINDOWS\SYSTEM32\WSOCK32.dll
0x00007ff92e1a0000 - 0x00007ff92e20c000 	C:\WINDOWS\System32\WS2_32.dll
0x00007ff922ae0000 - 0x00007ff922b03000 	C:\WINDOWS\SYSTEM32\WINMM.dll
0x00007ff922b10000 - 0x00007ff922b1a000 	C:\WINDOWS\SYSTEM32\VERSION.dll
0x00007ff920e90000 - 0x00007ff920eba000 	C:\WINDOWS\SYSTEM32\WINMMBASE.dll
0x00007ff92b820000 - 0x00007ff92b869000 	C:\WINDOWS\System32\cfgmgr32.dll
0x0000000068d40000 - 0x0000000068d4f000 	C:\Program Files\Java\jdk1.8.0_171\jre\bin\verify.dll
0x0000000068d10000 - 0x0000000068d39000 	C:\Program Files\Java\jdk1.8.0_171\jre\bin\java.dll
0x0000000068cf0000 - 0x0000000068d06000 	C:\Program Files\Java\jdk1.8.0_171\jre\bin\zip.dll
0x00007ff92ccb0000 - 0x00007ff92e0f0000 	C:\WINDOWS\System32\SHELL32.dll
0x00007ff92e0f0000 - 0x00007ff92e199000 	C:\WINDOWS\System32\shcore.dll
0x00007ff92bfe0000 - 0x00007ff92c6ed000 	C:\WINDOWS\System32\windows.storage.dll
0x00007ff92e3a0000 - 0x00007ff92e3f1000 	C:\WINDOWS\System32\shlwapi.dll
0x00007ff92b800000 - 0x00007ff92b811000 	C:\WINDOWS\System32\kernel.appcore.dll
0x00007ff92b7e0000 - 0x00007ff92b7ff000 	C:\WINDOWS\System32\profapi.dll
0x00007ff92b770000 - 0x00007ff92b7bc000 	C:\WINDOWS\System32\powrprof.dll
0x00007ff92b760000 - 0x00007ff92b76a000 	C:\WINDOWS\System32\FLTLIB.DLL
0x0000000068cd0000 - 0x0000000068cea000 	C:\Program Files\Java\jdk1.8.0_171\jre\bin\net.dll
0x00007ff92af80000 - 0x00007ff92afe6000 	C:\WINDOWS\system32\mswsock.dll
0x0000000068cb0000 - 0x0000000068cc1000 	C:\Program Files\Java\jdk1.8.0_171\jre\bin\nio.dll
0x00007ff913a70000 - 0x00007ff913a8e000 	C:\Users\isfm0\.gradle\native\25\windows-amd64\native-platform.dll
0x0000000068ca0000 - 0x0000000068cad000 	C:\Program Files\Java\jdk1.8.0_171\jre\bin\management.dll
0x00007ff92b130000 - 0x00007ff92b147000 	C:\WINDOWS\SYSTEM32\CRYPTSP.dll
0x00007ff92ab60000 - 0x00007ff92ab93000 	C:\WINDOWS\system32\rsaenh.dll
0x00007ff92b260000 - 0x00007ff92b285000 	C:\WINDOWS\SYSTEM32\bcrypt.dll
0x00007ff92b660000 - 0x00007ff92b688000 	C:\WINDOWS\SYSTEM32\USERENV.dll
0x00007ff92b150000 - 0x00007ff92b15b000 	C:\WINDOWS\SYSTEM32\CRYPTBASE.dll
0x00007ff92ad00000 - 0x00007ff92ad38000 	C:\WINDOWS\SYSTEM32\IPHLPAPI.DLL
0x00007ff92eef0000 - 0x00007ff92eef8000 	C:\WINDOWS\System32\NSI.dll
0x00007ff9232e0000 - 0x00007ff9232f6000 	C:\WINDOWS\SYSTEM32\dhcpcsvc6.DLL
0x00007ff9245c0000 - 0x00007ff9245da000 	C:\WINDOWS\SYSTEM32\dhcpcsvc.DLL
0x0000000068c70000 - 0x0000000068c94000 	C:\Program Files\Java\jdk1.8.0_171\jre\bin\sunec.dll
0x00007ff92ad40000 - 0x00007ff92adfe000 	C:\WINDOWS\SYSTEM32\DNSAPI.dll
0x00007ff922ad0000 - 0x00007ff922ada000 	C:\Windows\System32\rasadhlp.dll
0x00007ff91b260000 - 0x00007ff91b2d2000 	C:\WINDOWS\System32\fwpuclnt.dll
0x0000000068c60000 - 0x0000000068c6b000 	C:\Program Files\Java\jdk1.8.0_171\jre\bin\sunmscapi.dll
0x00007ff92c6f0000 - 0x00007ff92c8d2000 	C:\WINDOWS\System32\CRYPT32.dll
0x00007ff92b7c0000 - 0x00007ff92b7d2000 	C:\WINDOWS\System32\MSASN1.dll
0x00007ff92a850000 - 0x00007ff92a881000 	C:\WINDOWS\SYSTEM32\ntmarta.dll

VM Arguments:
jvm_args: -Xmx2048m -Dfile.encoding=windows-1252 -Duser.country=FR -Duser.language=fr -Duser.variant 
java_command: org.gradle.launcher.daemon.bootstrap.GradleDaemon 4.1
java_class_path (initial): C:\Users\isfm0\.gradle\wrapper\dists\gradle-4.1-all\bzyivzo6n839fup2jbap0tjew\gradle-4.1\lib\gradle-launcher-4.1.jar
Launcher Type: SUN_STANDARD

Environment Variables:
JAVA_HOME=C:\Program Files\java\jdk1.8.0_171
CLASSPATH=C:\Users\isfm0\OneDrive\Bureau\AppliLOM\LOMApp\LomTaxi_version_DEMO\platforms\android\\gradle\wrapper\gradle-wrapper.jar
PATH=C:\Program Files (x86)\Common Files\Intel\Shared Libraries\redist\intel64\compiler;C:\Program Files (x86)\Common Files\Oracle\Java\javapath;C:\ProgramData\Oracle\Java\javapath;C:\Program Files (x86)\Intel\iCLS Client\;C:\Program Files\Intel\iCLS Client\;C:\WINDOWS\system32;C:\WINDOWS;C:\WINDOWS\System32\Wbem;C:\WINDOWS\System32\WindowsPowerShell\v1.0\;C:\Program Files (x86)\Intel\Intel(R) Management Engine Components\DAL;C:\Program Files\Intel\Intel(R) Management Engine Components\DAL;C:\Program Files (x86)\Intel\Intel(R) Management Engine Components\IPT;C:\Program Files\Intel\Intel(R) Management Engine Components\IPT;C:\Program Files\Intel\WiFi\bin\;C:\Program Files\Common Files\Intel\WirelessCommon\;C:\Program Files (x86)\Windows Kits\8.1\Windows Performance Toolkit\;C:\Program Files\nodejs\;C:\Program Files\Microsoft SQL Server\130\Tools\Binn\;C:\Program Files (x86)\Microsoft SDKs\TypeScript\1.0\;C:\Program Files (x86)\Windows Kits\10\Windows Performance Toolkit\;C:\Program Files\dotnet\;C:\WINDOWS\system32\config\systemprofile\.dnx\bin;C:\Program Files\Microsoft DNX\Dnvm\;C:\Program Files\Git\cmd;C:\WINDOWS\System32\OpenSSH\;C:\Program Files\PuTTY\;C:\Program Files\Microsoft VS Code\bin;C:\Users\isfm0\AppData\Local\Microsoft\WindowsApps;C:\Program Files\Microsoft VS Code\bin;C:\Users\isfm0\AppData\Roaming\npm;;C:\Program Files\java\jdk1.8.0_171\bin;C:\Users\isfm0\AppData\Local\Android\sdk\tools;C:\Users\isfm0\AppData\Local\Android\sdk\platform-tools;C:\Users\isfm0\AppData\Local\Android\sdk\tools\bin
USERNAME=isfm0
OS=Windows_NT
PROCESSOR_IDENTIFIER=Intel64 Family 6 Model 142 Stepping 9, GenuineIntel



---------------  S Y S T E M  ---------------

OS: Windows 10.0 , 64 bit Build 17134 (10.0.17134.706)

CPU:total 4 (initial active 4) (2 cores per cpu, 2 threads per core) family 6 model 142 stepping 9, cmov, cx8, fxsr, mmx, sse, sse2, sse3, ssse3, sse4.1, sse4.2, popcnt, avx, avx2, aes, clmul, erms, 3dnowpref, lzcnt, ht, tsc, tscinvbit, bmi1, bmi2, adx

Memory: 4k page, physical 8262884k(259472k free), swap 33428708k(5664k free)

vm_info: Java HotSpot(TM) 64-Bit Server VM (25.171-b11) for windows-amd64 JRE (1.8.0_171-b11), built on Mar 28 2018 16:06:12 by "java_re" with MS VC++ 10.0 (VS2010)

time: Mon May 06 11:32:08 2019
elapsed time: 6191 seconds (0d 1h 43m 11s)

